2013-12-01 13:33:51 Error: [MissingActionException] Action PagesController::display() could not be found.
Exception Attributes: array (
  'controller' => 'PagesController',
  'action' => 'display',
)
Request URL: /optipdf/pages/test
Stack Trace:
#0 /home/lukas/www/cakeroot/Vendor/pear-pear.cakephp.org/CakePHP/Cake/Routing/Dispatcher.php(185): Controller->invokeAction(Object(CakeRequest))
#1 /home/lukas/www/cakeroot/Vendor/pear-pear.cakephp.org/CakePHP/Cake/Routing/Dispatcher.php(160): Dispatcher->_invoke(Object(PagesController), Object(CakeRequest), Object(CakeResponse))
#2 /home/lukas/www/optipdf/webroot/index.php(101): Dispatcher->dispatch(Object(CakeRequest), Object(CakeResponse))
#3 {main}
2013-12-01 13:35:14 Error: Fatal Error (1): Class 'AbstractOptimizer' not found in [/home/lukas/www/optipdf/Plugin/CakeOptimizePdf/Engines/FormatOptimizer.php, line 6]
2013-12-01 13:35:14 Error: [FatalErrorException] Class 'AbstractOptimizer' not found
Request URL: /optipdf/pages/test
Stack Trace:
#0 /home/lukas/www/cakeroot/Vendor/pear-pear.cakephp.org/CakePHP/Cake/Error/ErrorHandler.php(203): ErrorHandler::handleFatalError(1, 'Class 'Abstract...', '/home/lukas/www...', 6)
#1 [internal function]: ErrorHandler::handleError(1, 'Class 'Abstract...', '/home/lukas/www...', 6, Array)
#2 /home/lukas/www/cakeroot/Vendor/pear-pear.cakephp.org/CakePHP/Cake/Core/App.php(929): call_user_func('ErrorHandler::h...', 1, 'Class 'Abstract...', '/home/lukas/www...', 6, Array)
#3 /home/lukas/www/cakeroot/Vendor/pear-pear.cakephp.org/CakePHP/Cake/Core/App.php(902): App::_checkFatalError()
#4 [internal function]: App::shutdown()
#5 {main}
2013-12-01 13:35:44 Error: Fatal Error (1): Class 'AbstractOptimizer' not found in [/home/lukas/www/optipdf/Plugin/CakeOptimizePdf/Engines/FormatOptimizer.php, line 6]
2013-12-01 13:35:44 Error: [FatalErrorException] Class 'AbstractOptimizer' not found
Request URL: /optipdf/pages/test
Stack Trace:
#0 /home/lukas/www/cakeroot/Vendor/pear-pear.cakephp.org/CakePHP/Cake/Error/ErrorHandler.php(203): ErrorHandler::handleFatalError(1, 'Class 'Abstract...', '/home/lukas/www...', 6)
#1 [internal function]: ErrorHandler::handleError(1, 'Class 'Abstract...', '/home/lukas/www...', 6, Array)
#2 /home/lukas/www/cakeroot/Vendor/pear-pear.cakephp.org/CakePHP/Cake/Core/App.php(929): call_user_func('ErrorHandler::h...', 1, 'Class 'Abstract...', '/home/lukas/www...', 6, Array)
#3 /home/lukas/www/cakeroot/Vendor/pear-pear.cakephp.org/CakePHP/Cake/Core/App.php(902): App::_checkFatalError()
#4 [internal function]: App::shutdown()
#5 {main}
2013-12-01 13:36:09 Error: Fatal Error (1): Class 'AbstractOptimizer' not found in [/home/lukas/www/optipdf/Plugin/CakeOptimizePdf/Engines/FormatOptimizer.php, line 6]
2013-12-01 13:36:09 Error: [FatalErrorException] Class 'AbstractOptimizer' not found
Request URL: /optipdf/pages/test
Stack Trace:
#0 /home/lukas/www/cakeroot/Vendor/pear-pear.cakephp.org/CakePHP/Cake/Error/ErrorHandler.php(203): ErrorHandler::handleFatalError(1, 'Class 'Abstract...', '/home/lukas/www...', 6)
#1 [internal function]: ErrorHandler::handleError(1, 'Class 'Abstract...', '/home/lukas/www...', 6, Array)
#2 /home/lukas/www/cakeroot/Vendor/pear-pear.cakephp.org/CakePHP/Cake/Core/App.php(929): call_user_func('ErrorHandler::h...', 1, 'Class 'Abstract...', '/home/lukas/www...', 6, Array)
#3 /home/lukas/www/cakeroot/Vendor/pear-pear.cakephp.org/CakePHP/Cake/Core/App.php(902): App::_checkFatalError()
#4 [internal function]: App::shutdown()
#5 {main}
2013-12-01 13:37:10 Error: Fatal Error (1): Class 'FormatOptimizer' not found in [/home/lukas/www/optipdf/Controller/AppController.php, line 30]
2013-12-01 13:37:10 Error: [FatalErrorException] Class 'FormatOptimizer' not found
Request URL: /optipdf/pages/test
Stack Trace:
#0 /home/lukas/www/cakeroot/Vendor/pear-pear.cakephp.org/CakePHP/Cake/Error/ErrorHandler.php(203): ErrorHandler::handleFatalError(1, 'Class 'FormatOp...', '/home/lukas/www...', 30)
#1 [internal function]: ErrorHandler::handleError(1, 'Class 'FormatOp...', '/home/lukas/www...', 30, Array)
#2 /home/lukas/www/cakeroot/Vendor/pear-pear.cakephp.org/CakePHP/Cake/Core/App.php(929): call_user_func('ErrorHandler::h...', 1, 'Class 'FormatOp...', '/home/lukas/www...', 30, Array)
#3 /home/lukas/www/cakeroot/Vendor/pear-pear.cakephp.org/CakePHP/Cake/Core/App.php(902): App::_checkFatalError()
#4 [internal function]: App::shutdown()
#5 {main}
2013-12-01 14:00:06 Error: [MissingTableException] Table format_optimizers for model FormatOptimizer was not found in datasource default.
Exception Attributes: array (
  'table' => 'format_optimizers',
  'class' => 'FormatOptimizer',
  'ds' => 'default',
)
Request URL: /optipdf/pages/test
Stack Trace:
#0 /home/lukas/www/cakeroot/Vendor/pear-pear.cakephp.org/CakePHP/Cake/Model/Model.php(3493): Model->setSource('format_optimize...')
#1 /home/lukas/www/cakeroot/Vendor/pear-pear.cakephp.org/CakePHP/Cake/Model/Model.php(800): Model->getDataSource()
#2 /home/lukas/www/optipdf/Controller/AppController.php(32): Model->__call('test', Array)
#3 /home/lukas/www/optipdf/Controller/AppController.php(32): AppModel->test()
#4 [internal function]: AppController->beforeFilter(Object(CakeEvent))
#5 /home/lukas/www/cakeroot/Vendor/pear-pear.cakephp.org/CakePHP/Cake/Event/CakeEventManager.php(247): call_user_func(Array, Object(CakeEvent))
#6 /home/lukas/www/cakeroot/Vendor/pear-pear.cakephp.org/CakePHP/Cake/Controller/Controller.php(674): CakeEventManager->dispatch(Object(CakeEvent))
#7 /home/lukas/www/cakeroot/Vendor/pear-pear.cakephp.org/CakePHP/Cake/Routing/Dispatcher.php(182): Controller->startupProcess()
#8 /home/lukas/www/cakeroot/Vendor/pear-pear.cakephp.org/CakePHP/Cake/Routing/Dispatcher.php(160): Dispatcher->_invoke(Object(PagesController), Object(CakeRequest), Object(CakeResponse))
#9 /home/lukas/www/optipdf/webroot/index.php(101): Dispatcher->dispatch(Object(CakeRequest), Object(CakeResponse))
#10 {main}
2013-12-01 14:04:51 Error: Fatal Error (1): Class 'AbstractOptimizer' not found in [/home/lukas/www/optipdf/Plugin/CakeOptimizePdf/Engines/FormatOptimizer.php, line 6]
2013-12-01 14:04:51 Error: [FatalErrorException] Class 'AbstractOptimizer' not found
Request URL: /optipdf/pages/test
Stack Trace:
#0 /home/lukas/www/cakeroot/Vendor/pear-pear.cakephp.org/CakePHP/Cake/Error/ErrorHandler.php(203): ErrorHandler::handleFatalError(1, 'Class 'Abstract...', '/home/lukas/www...', 6)
#1 [internal function]: ErrorHandler::handleError(1, 'Class 'Abstract...', '/home/lukas/www...', 6, Array)
#2 /home/lukas/www/cakeroot/Vendor/pear-pear.cakephp.org/CakePHP/Cake/Core/App.php(929): call_user_func('ErrorHandler::h...', 1, 'Class 'Abstract...', '/home/lukas/www...', 6, Array)
#3 /home/lukas/www/cakeroot/Vendor/pear-pear.cakephp.org/CakePHP/Cake/Core/App.php(902): App::_checkFatalError()
#4 [internal function]: App::shutdown()
#5 {main}
2013-12-01 14:09:58 Error: Fatal Error (1): Class 'AbstractOptimizer' not found in [/home/lukas/www/optipdf/Plugin/CakeOptimizePdf/Engines/FormatOptimizer.php, line 6]
2013-12-01 14:09:58 Error: [FatalErrorException] Class 'AbstractOptimizer' not found
Request URL: /optipdf/pages/test
Stack Trace:
#0 /home/lukas/www/cakeroot/Vendor/pear-pear.cakephp.org/CakePHP/Cake/Error/ErrorHandler.php(203): ErrorHandler::handleFatalError(1, 'Class 'Abstract...', '/home/lukas/www...', 6)
#1 [internal function]: ErrorHandler::handleError(1, 'Class 'Abstract...', '/home/lukas/www...', 6, Array)
#2 /home/lukas/www/cakeroot/Vendor/pear-pear.cakephp.org/CakePHP/Cake/Core/App.php(929): call_user_func('ErrorHandler::h...', 1, 'Class 'Abstract...', '/home/lukas/www...', 6, Array)
#3 /home/lukas/www/cakeroot/Vendor/pear-pear.cakephp.org/CakePHP/Cake/Core/App.php(902): App::_checkFatalError()
#4 [internal function]: App::shutdown()
#5 {main}
2013-12-01 14:10:51 Error: [CakeException] Pdf engines must extend "AbstractPdfEngine"
Request URL: /optipdf/pages/test
Stack Trace:
#0 [internal function]: AppController->beforeFilter(Object(CakeEvent))
#1 /home/lukas/www/cakeroot/Vendor/pear-pear.cakephp.org/CakePHP/Cake/Event/CakeEventManager.php(247): call_user_func(Array, Object(CakeEvent))
#2 /home/lukas/www/cakeroot/Vendor/pear-pear.cakephp.org/CakePHP/Cake/Controller/Controller.php(674): CakeEventManager->dispatch(Object(CakeEvent))
#3 /home/lukas/www/cakeroot/Vendor/pear-pear.cakephp.org/CakePHP/Cake/Routing/Dispatcher.php(182): Controller->startupProcess()
#4 /home/lukas/www/cakeroot/Vendor/pear-pear.cakephp.org/CakePHP/Cake/Routing/Dispatcher.php(160): Dispatcher->_invoke(Object(PagesController), Object(CakeRequest), Object(CakeResponse))
#5 /home/lukas/www/optipdf/webroot/index.php(101): Dispatcher->dispatch(Object(CakeRequest), Object(CakeResponse))
#6 {main}
2013-12-01 14:11:50 Error: [MissingViewException] View file "/home/lukas/www/optipdf/View/Pages/test.ctp" is missing.
Exception Attributes: array (
  'file' => '/home/lukas/www/optipdf/View/Pages/test.ctp',
)
Request URL: /optipdf/pages/test
Stack Trace:
#0 /home/lukas/www/cakeroot/Vendor/pear-pear.cakephp.org/CakePHP/Cake/View/View.php(457): View->_getViewFileName('test')
#1 /home/lukas/www/cakeroot/Vendor/pear-pear.cakephp.org/CakePHP/Cake/Controller/Controller.php(952): View->render('test', NULL)
#2 /home/lukas/www/optipdf/Controller/PagesController.php(62): Controller->render('test')
#3 [internal function]: PagesController->display('test')
#4 /home/lukas/www/cakeroot/Vendor/pear-pear.cakephp.org/CakePHP/Cake/Controller/Controller.php(490): ReflectionMethod->invokeArgs(Object(PagesController), Array)
#5 /home/lukas/www/cakeroot/Vendor/pear-pear.cakephp.org/CakePHP/Cake/Routing/Dispatcher.php(185): Controller->invokeAction(Object(CakeRequest))
#6 /home/lukas/www/cakeroot/Vendor/pear-pear.cakephp.org/CakePHP/Cake/Routing/Dispatcher.php(160): Dispatcher->_invoke(Object(PagesController), Object(CakeRequest), Object(CakeResponse))
#7 /home/lukas/www/optipdf/webroot/index.php(101): Dispatcher->dispatch(Object(CakeRequest), Object(CakeResponse))
#8 {main}
2013-12-01 14:14:04 Error: [MissingViewException] View file "/home/lukas/www/optipdf/View/Pages/test.ctp" is missing.
Exception Attributes: array (
  'file' => '/home/lukas/www/optipdf/View/Pages/test.ctp',
)
Request URL: /optipdf/pages/test
Stack Trace:
#0 /home/lukas/www/cakeroot/Vendor/pear-pear.cakephp.org/CakePHP/Cake/View/View.php(457): View->_getViewFileName('test')
#1 /home/lukas/www/cakeroot/Vendor/pear-pear.cakephp.org/CakePHP/Cake/Controller/Controller.php(952): View->render('test', NULL)
#2 /home/lukas/www/optipdf/Controller/PagesController.php(62): Controller->render('test')
#3 [internal function]: PagesController->display('test')
#4 /home/lukas/www/cakeroot/Vendor/pear-pear.cakephp.org/CakePHP/Cake/Controller/Controller.php(490): ReflectionMethod->invokeArgs(Object(PagesController), Array)
#5 /home/lukas/www/cakeroot/Vendor/pear-pear.cakephp.org/CakePHP/Cake/Routing/Dispatcher.php(185): Controller->invokeAction(Object(CakeRequest))
#6 /home/lukas/www/cakeroot/Vendor/pear-pear.cakephp.org/CakePHP/Cake/Routing/Dispatcher.php(160): Dispatcher->_invoke(Object(PagesController), Object(CakeRequest), Object(CakeResponse))
#7 /home/lukas/www/optipdf/webroot/index.php(101): Dispatcher->dispatch(Object(CakeRequest), Object(CakeResponse))
#8 {main}
2013-12-01 14:15:38 Error: [MissingViewException] View file "/home/lukas/www/optipdf/View/Pages/test.ctp" is missing.
Exception Attributes: array (
  'file' => '/home/lukas/www/optipdf/View/Pages/test.ctp',
)
Request URL: /optipdf/pages/test
Stack Trace:
#0 /home/lukas/www/cakeroot/Vendor/pear-pear.cakephp.org/CakePHP/Cake/View/View.php(457): View->_getViewFileName('test')
#1 /home/lukas/www/cakeroot/Vendor/pear-pear.cakephp.org/CakePHP/Cake/Controller/Controller.php(952): View->render('test', NULL)
#2 /home/lukas/www/optipdf/Controller/PagesController.php(62): Controller->render('test')
#3 [internal function]: PagesController->display('test')
#4 /home/lukas/www/cakeroot/Vendor/pear-pear.cakephp.org/CakePHP/Cake/Controller/Controller.php(490): ReflectionMethod->invokeArgs(Object(PagesController), Array)
#5 /home/lukas/www/cakeroot/Vendor/pear-pear.cakephp.org/CakePHP/Cake/Routing/Dispatcher.php(185): Controller->invokeAction(Object(CakeRequest))
#6 /home/lukas/www/cakeroot/Vendor/pear-pear.cakephp.org/CakePHP/Cake/Routing/Dispatcher.php(160): Dispatcher->_invoke(Object(PagesController), Object(CakeRequest), Object(CakeResponse))
#7 /home/lukas/www/optipdf/webroot/index.php(101): Dispatcher->dispatch(Object(CakeRequest), Object(CakeResponse))
#8 {main}
2013-12-01 14:16:38 Error: [MissingViewException] View file "/home/lukas/www/optipdf/View/Pages/test.ctp" is missing.
Exception Attributes: array (
  'file' => '/home/lukas/www/optipdf/View/Pages/test.ctp',
)
Request URL: /optipdf/pages/test
Stack Trace:
#0 /home/lukas/www/cakeroot/Vendor/pear-pear.cakephp.org/CakePHP/Cake/View/View.php(457): View->_getViewFileName('test')
#1 /home/lukas/www/cakeroot/Vendor/pear-pear.cakephp.org/CakePHP/Cake/Controller/Controller.php(952): View->render('test', NULL)
#2 /home/lukas/www/optipdf/Controller/PagesController.php(62): Controller->render('test')
#3 [internal function]: PagesController->display('test')
#4 /home/lukas/www/cakeroot/Vendor/pear-pear.cakephp.org/CakePHP/Cake/Controller/Controller.php(490): ReflectionMethod->invokeArgs(Object(PagesController), Array)
#5 /home/lukas/www/cakeroot/Vendor/pear-pear.cakephp.org/CakePHP/Cake/Routing/Dispatcher.php(185): Controller->invokeAction(Object(CakeRequest))
#6 /home/lukas/www/cakeroot/Vendor/pear-pear.cakephp.org/CakePHP/Cake/Routing/Dispatcher.php(160): Dispatcher->_invoke(Object(PagesController), Object(CakeRequest), Object(CakeResponse))
#7 /home/lukas/www/optipdf/webroot/index.php(101): Dispatcher->dispatch(Object(CakeRequest), Object(CakeResponse))
#8 {main}
2013-12-01 14:52:43 Error: Fatal Error (1): Call to a member function temp() on a non-object in [/home/lukas/www/optipdf/Plugin/CakeOptimizePdf/Engines/FormatOptimizer.php, line 21]
2013-12-01 14:52:43 Error: [FatalErrorException] Call to a member function temp() on a non-object
Request URL: /optipdf/pages/home
Stack Trace:
#0 /home/lukas/www/cakeroot/Vendor/pear-pear.cakephp.org/CakePHP/Cake/Error/ErrorHandler.php(203): ErrorHandler::handleFatalError(1, 'Call to a membe...', '/home/lukas/www...', 21)
#1 [internal function]: ErrorHandler::handleError(1, 'Call to a membe...', '/home/lukas/www...', 21, Array)
#2 /home/lukas/www/cakeroot/Vendor/pear-pear.cakephp.org/CakePHP/Cake/Core/App.php(929): call_user_func('ErrorHandler::h...', 1, 'Call to a membe...', '/home/lukas/www...', 21, Array)
#3 /home/lukas/www/cakeroot/Vendor/pear-pear.cakephp.org/CakePHP/Cake/Core/App.php(902): App::_checkFatalError()
#4 [internal function]: App::shutdown()
#5 {main}
2013-12-01 15:56:57 Error: Fatal Error (1): Call to a member function temp() on a non-object in [/home/lukas/www/optipdf/Plugin/CakeOptimizePdf/Engines/FormatOptimizer.php, line 21]
2013-12-01 15:56:57 Error: [FatalErrorException] Call to a member function temp() on a non-object
Request URL: /optipdf/pages/home
Stack Trace:
#0 /home/lukas/www/cakeroot/Vendor/pear-pear.cakephp.org/CakePHP/Cake/Error/ErrorHandler.php(203): ErrorHandler::handleFatalError(1, 'Call to a membe...', '/home/lukas/www...', 21)
#1 [internal function]: ErrorHandler::handleError(1, 'Call to a membe...', '/home/lukas/www...', 21, Array)
#2 /home/lukas/www/cakeroot/Vendor/pear-pear.cakephp.org/CakePHP/Cake/Core/App.php(929): call_user_func('ErrorHandler::h...', 1, 'Call to a membe...', '/home/lukas/www...', 21, Array)
#3 /home/lukas/www/cakeroot/Vendor/pear-pear.cakephp.org/CakePHP/Cake/Core/App.php(902): App::_checkFatalError()
#4 [internal function]: App::shutdown()
#5 {main}
2013-12-01 16:12:26 Error: Fatal Error (1): Class 'AbstractOptimizer' not found in [/home/lukas/www/optipdf/Plugin/CakeOptimizePdf/Optimizer/Engines/FormatOptimizer.php, line 6]
2013-12-01 16:12:26 Error: [FatalErrorException] Class 'AbstractOptimizer' not found
Request URL: /optipdf/pages/home
Stack Trace:
#0 /home/lukas/www/cakeroot/Vendor/pear-pear.cakephp.org/CakePHP/Cake/Error/ErrorHandler.php(203): ErrorHandler::handleFatalError(1, 'Class 'Abstract...', '/home/lukas/www...', 6)
#1 [internal function]: ErrorHandler::handleError(1, 'Class 'Abstract...', '/home/lukas/www...', 6, Array)
#2 /home/lukas/www/cakeroot/Vendor/pear-pear.cakephp.org/CakePHP/Cake/Core/App.php(929): call_user_func('ErrorHandler::h...', 1, 'Class 'Abstract...', '/home/lukas/www...', 6, Array)
#3 /home/lukas/www/cakeroot/Vendor/pear-pear.cakephp.org/CakePHP/Cake/Core/App.php(902): App::_checkFatalError()
#4 [internal function]: App::shutdown()
#5 {main}
2013-12-01 16:12:51 Error: Fatal Error (1): Class 'AbstractOptimizer' not found in [/home/lukas/www/optipdf/Plugin/CakeOptimizePdf/Optimizer/Engines/FormatOptimizer.php, line 6]
2013-12-01 16:12:51 Error: [FatalErrorException] Class 'AbstractOptimizer' not found
Request URL: /optipdf/pages/home
Stack Trace:
#0 /home/lukas/www/cakeroot/Vendor/pear-pear.cakephp.org/CakePHP/Cake/Error/ErrorHandler.php(203): ErrorHandler::handleFatalError(1, 'Class 'Abstract...', '/home/lukas/www...', 6)
#1 [internal function]: ErrorHandler::handleError(1, 'Class 'Abstract...', '/home/lukas/www...', 6, Array)
#2 /home/lukas/www/cakeroot/Vendor/pear-pear.cakephp.org/CakePHP/Cake/Core/App.php(929): call_user_func('ErrorHandler::h...', 1, 'Class 'Abstract...', '/home/lukas/www...', 6, Array)
#3 /home/lukas/www/cakeroot/Vendor/pear-pear.cakephp.org/CakePHP/Cake/Core/App.php(902): App::_checkFatalError()
#4 [internal function]: App::shutdown()
#5 {main}
2013-12-01 16:16:33 Error: Fatal Error (1): Class 'FormatOptimizer' not found in [/home/lukas/www/optipdf/Controller/AppController.php, line 30]
2013-12-01 16:16:33 Error: [FatalErrorException] Class 'FormatOptimizer' not found
Request URL: /optipdf/pages/home
Stack Trace:
#0 /home/lukas/www/cakeroot/Vendor/pear-pear.cakephp.org/CakePHP/Cake/Error/ErrorHandler.php(203): ErrorHandler::handleFatalError(1, 'Class 'FormatOp...', '/home/lukas/www...', 30)
#1 [internal function]: ErrorHandler::handleError(1, 'Class 'FormatOp...', '/home/lukas/www...', 30, Array)
#2 /home/lukas/www/cakeroot/Vendor/pear-pear.cakephp.org/CakePHP/Cake/Core/App.php(929): call_user_func('ErrorHandler::h...', 1, 'Class 'FormatOp...', '/home/lukas/www...', 30, Array)
#3 /home/lukas/www/cakeroot/Vendor/pear-pear.cakephp.org/CakePHP/Cake/Core/App.php(902): App::_checkFatalError()
#4 [internal function]: App::shutdown()
#5 {main}
2013-12-01 16:16:37 Error: Fatal Error (1): Class 'FormatOptimizer' not found in [/home/lukas/www/optipdf/Controller/AppController.php, line 30]
2013-12-01 16:16:37 Error: [FatalErrorException] Class 'FormatOptimizer' not found
Request URL: /optipdf/pages/home
Stack Trace:
#0 /home/lukas/www/cakeroot/Vendor/pear-pear.cakephp.org/CakePHP/Cake/Error/ErrorHandler.php(203): ErrorHandler::handleFatalError(1, 'Class 'FormatOp...', '/home/lukas/www...', 30)
#1 [internal function]: ErrorHandler::handleError(1, 'Class 'FormatOp...', '/home/lukas/www...', 30, Array)
#2 /home/lukas/www/cakeroot/Vendor/pear-pear.cakephp.org/CakePHP/Cake/Core/App.php(929): call_user_func('ErrorHandler::h...', 1, 'Class 'FormatOp...', '/home/lukas/www...', 30, Array)
#3 /home/lukas/www/cakeroot/Vendor/pear-pear.cakephp.org/CakePHP/Cake/Core/App.php(902): App::_checkFatalError()
#4 [internal function]: App::shutdown()
#5 {main}
2013-12-01 16:16:48 Error: Fatal Error (1): Call to undefined method CakeOptimizer::output() in [/home/lukas/www/optipdf/Controller/AppController.php, line 31]
2013-12-01 16:16:48 Error: [FatalErrorException] Call to undefined method CakeOptimizer::output()
Request URL: /optipdf/pages/home
Stack Trace:
#0 /home/lukas/www/cakeroot/Vendor/pear-pear.cakephp.org/CakePHP/Cake/Error/ErrorHandler.php(203): ErrorHandler::handleFatalError(1, 'Call to undefin...', '/home/lukas/www...', 31)
#1 [internal function]: ErrorHandler::handleError(1, 'Call to undefin...', '/home/lukas/www...', 31, Array)
#2 /home/lukas/www/cakeroot/Vendor/pear-pear.cakephp.org/CakePHP/Cake/Core/App.php(929): call_user_func('ErrorHandler::h...', 1, 'Call to undefin...', '/home/lukas/www...', 31, Array)
#3 /home/lukas/www/cakeroot/Vendor/pear-pear.cakephp.org/CakePHP/Cake/Core/App.php(902): App::_checkFatalError()
#4 [internal function]: App::shutdown()
#5 {main}
2013-12-01 16:18:23 Error: [CakeException] Pdf engine "Format" not found
Request URL: /optipdf/pages/home
Stack Trace:
#0 /home/lukas/www/optipdf/Controller/AppController.php(31): CakeOptimizer->engine('Format')
#1 [internal function]: AppController->beforeFilter(Object(CakeEvent))
#2 /home/lukas/www/cakeroot/Vendor/pear-pear.cakephp.org/CakePHP/Cake/Event/CakeEventManager.php(247): call_user_func(Array, Object(CakeEvent))
#3 /home/lukas/www/cakeroot/Vendor/pear-pear.cakephp.org/CakePHP/Cake/Controller/Controller.php(674): CakeEventManager->dispatch(Object(CakeEvent))
#4 /home/lukas/www/cakeroot/Vendor/pear-pear.cakephp.org/CakePHP/Cake/Routing/Dispatcher.php(182): Controller->startupProcess()
#5 /home/lukas/www/cakeroot/Vendor/pear-pear.cakephp.org/CakePHP/Cake/Routing/Dispatcher.php(160): Dispatcher->_invoke(Object(PagesController), Object(CakeRequest), Object(CakeResponse))
#6 /home/lukas/www/optipdf/webroot/index.php(101): Dispatcher->dispatch(Object(CakeRequest), Object(CakeResponse))
#7 {main}
2013-12-01 16:19:49 Error: [CakeException] Optimizer engine "Format" not found
Request URL: /optipdf/pages/home
Stack Trace:
#0 /home/lukas/www/optipdf/Controller/AppController.php(31): CakeOptimizer->engine('Format')
#1 [internal function]: AppController->beforeFilter(Object(CakeEvent))
#2 /home/lukas/www/cakeroot/Vendor/pear-pear.cakephp.org/CakePHP/Cake/Event/CakeEventManager.php(247): call_user_func(Array, Object(CakeEvent))
#3 /home/lukas/www/cakeroot/Vendor/pear-pear.cakephp.org/CakePHP/Cake/Controller/Controller.php(674): CakeEventManager->dispatch(Object(CakeEvent))
#4 /home/lukas/www/cakeroot/Vendor/pear-pear.cakephp.org/CakePHP/Cake/Routing/Dispatcher.php(182): Controller->startupProcess()
#5 /home/lukas/www/cakeroot/Vendor/pear-pear.cakephp.org/CakePHP/Cake/Routing/Dispatcher.php(160): Dispatcher->_invoke(Object(PagesController), Object(CakeRequest), Object(CakeResponse))
#6 /home/lukas/www/optipdf/webroot/index.php(101): Dispatcher->dispatch(Object(CakeRequest), Object(CakeResponse))
#7 {main}
2013-12-01 16:21:06 Error: [CakeException] Optimizer engine "Format" not found
Request URL: /optipdf/pages/home
Stack Trace:
#0 /home/lukas/www/optipdf/Controller/AppController.php(31): CakeOptimizer->engine('Format')
#1 [internal function]: AppController->beforeFilter(Object(CakeEvent))
#2 /home/lukas/www/cakeroot/Vendor/pear-pear.cakephp.org/CakePHP/Cake/Event/CakeEventManager.php(247): call_user_func(Array, Object(CakeEvent))
#3 /home/lukas/www/cakeroot/Vendor/pear-pear.cakephp.org/CakePHP/Cake/Controller/Controller.php(674): CakeEventManager->dispatch(Object(CakeEvent))
#4 /home/lukas/www/cakeroot/Vendor/pear-pear.cakephp.org/CakePHP/Cake/Routing/Dispatcher.php(182): Controller->startupProcess()
#5 /home/lukas/www/cakeroot/Vendor/pear-pear.cakephp.org/CakePHP/Cake/Routing/Dispatcher.php(160): Dispatcher->_invoke(Object(PagesController), Object(CakeRequest), Object(CakeResponse))
#6 /home/lukas/www/optipdf/webroot/index.php(101): Dispatcher->dispatch(Object(CakeRequest), Object(CakeResponse))
#7 {main}
2013-12-01 16:22:28 Error: [CakeException] Optimizer engine "Format" not found
Request URL: /optipdf/pages/home
Stack Trace:
#0 /home/lukas/www/optipdf/Controller/AppController.php(31): CakeOptimizer->engine('Format')
#1 [internal function]: AppController->beforeFilter(Object(CakeEvent))
#2 /home/lukas/www/cakeroot/Vendor/pear-pear.cakephp.org/CakePHP/Cake/Event/CakeEventManager.php(247): call_user_func(Array, Object(CakeEvent))
#3 /home/lukas/www/cakeroot/Vendor/pear-pear.cakephp.org/CakePHP/Cake/Controller/Controller.php(674): CakeEventManager->dispatch(Object(CakeEvent))
#4 /home/lukas/www/cakeroot/Vendor/pear-pear.cakephp.org/CakePHP/Cake/Routing/Dispatcher.php(182): Controller->startupProcess()
#5 /home/lukas/www/cakeroot/Vendor/pear-pear.cakephp.org/CakePHP/Cake/Routing/Dispatcher.php(160): Dispatcher->_invoke(Object(PagesController), Object(CakeRequest), Object(CakeResponse))
#6 /home/lukas/www/optipdf/webroot/index.php(101): Dispatcher->dispatch(Object(CakeRequest), Object(CakeResponse))
#7 {main}
2013-12-01 16:22:30 Error: [CakeException] Optimizer engine "Format" not found
Request URL: /optipdf/pages/home
Stack Trace:
#0 /home/lukas/www/optipdf/Controller/AppController.php(31): CakeOptimizer->engine('Format')
#1 [internal function]: AppController->beforeFilter(Object(CakeEvent))
#2 /home/lukas/www/cakeroot/Vendor/pear-pear.cakephp.org/CakePHP/Cake/Event/CakeEventManager.php(247): call_user_func(Array, Object(CakeEvent))
#3 /home/lukas/www/cakeroot/Vendor/pear-pear.cakephp.org/CakePHP/Cake/Controller/Controller.php(674): CakeEventManager->dispatch(Object(CakeEvent))
#4 /home/lukas/www/cakeroot/Vendor/pear-pear.cakephp.org/CakePHP/Cake/Routing/Dispatcher.php(182): Controller->startupProcess()
#5 /home/lukas/www/cakeroot/Vendor/pear-pear.cakephp.org/CakePHP/Cake/Routing/Dispatcher.php(160): Dispatcher->_invoke(Object(PagesController), Object(CakeRequest), Object(CakeResponse))
#6 /home/lukas/www/optipdf/webroot/index.php(101): Dispatcher->dispatch(Object(CakeRequest), Object(CakeResponse))
#7 {main}
2013-12-01 16:24:03 Error: [CakeException] Optimizer engine "Format" not found
Request URL: /optipdf/pages/home
Stack Trace:
#0 [internal function]: AppController->beforeFilter(Object(CakeEvent))
#1 /home/lukas/www/cakeroot/Vendor/pear-pear.cakephp.org/CakePHP/Cake/Event/CakeEventManager.php(247): call_user_func(Array, Object(CakeEvent))
#2 /home/lukas/www/cakeroot/Vendor/pear-pear.cakephp.org/CakePHP/Cake/Controller/Controller.php(674): CakeEventManager->dispatch(Object(CakeEvent))
#3 /home/lukas/www/cakeroot/Vendor/pear-pear.cakephp.org/CakePHP/Cake/Routing/Dispatcher.php(182): Controller->startupProcess()
#4 /home/lukas/www/cakeroot/Vendor/pear-pear.cakephp.org/CakePHP/Cake/Routing/Dispatcher.php(160): Dispatcher->_invoke(Object(PagesController), Object(CakeRequest), Object(CakeResponse))
#5 /home/lukas/www/optipdf/webroot/index.php(101): Dispatcher->dispatch(Object(CakeRequest), Object(CakeResponse))
#6 {main}
2013-12-01 16:24:06 Error: [CakeException] Optimizer engine "Format" not found
Request URL: /optipdf/pages/home
Stack Trace:
#0 [internal function]: AppController->beforeFilter(Object(CakeEvent))
#1 /home/lukas/www/cakeroot/Vendor/pear-pear.cakephp.org/CakePHP/Cake/Event/CakeEventManager.php(247): call_user_func(Array, Object(CakeEvent))
#2 /home/lukas/www/cakeroot/Vendor/pear-pear.cakephp.org/CakePHP/Cake/Controller/Controller.php(674): CakeEventManager->dispatch(Object(CakeEvent))
#3 /home/lukas/www/cakeroot/Vendor/pear-pear.cakephp.org/CakePHP/Cake/Routing/Dispatcher.php(182): Controller->startupProcess()
#4 /home/lukas/www/cakeroot/Vendor/pear-pear.cakephp.org/CakePHP/Cake/Routing/Dispatcher.php(160): Dispatcher->_invoke(Object(PagesController), Object(CakeRequest), Object(CakeResponse))
#5 /home/lukas/www/optipdf/webroot/index.php(101): Dispatcher->dispatch(Object(CakeRequest), Object(CakeResponse))
#6 {main}
2013-12-01 16:24:19 Error: [CakeException] Optimizer engine "Format" not found
Request URL: /optipdf/pages/home
Stack Trace:
#0 [internal function]: AppController->beforeFilter(Object(CakeEvent))
#1 /home/lukas/www/cakeroot/Vendor/pear-pear.cakephp.org/CakePHP/Cake/Event/CakeEventManager.php(247): call_user_func(Array, Object(CakeEvent))
#2 /home/lukas/www/cakeroot/Vendor/pear-pear.cakephp.org/CakePHP/Cake/Controller/Controller.php(674): CakeEventManager->dispatch(Object(CakeEvent))
#3 /home/lukas/www/cakeroot/Vendor/pear-pear.cakephp.org/CakePHP/Cake/Routing/Dispatcher.php(182): Controller->startupProcess()
#4 /home/lukas/www/cakeroot/Vendor/pear-pear.cakephp.org/CakePHP/Cake/Routing/Dispatcher.php(160): Dispatcher->_invoke(Object(PagesController), Object(CakeRequest), Object(CakeResponse))
#5 /home/lukas/www/optipdf/webroot/index.php(101): Dispatcher->dispatch(Object(CakeRequest), Object(CakeResponse))
#6 {main}
2013-12-01 16:24:22 Error: [CakeException] Optimizer engine "Format" not found
Request URL: /optipdf/pages/home
Stack Trace:
#0 [internal function]: AppController->beforeFilter(Object(CakeEvent))
#1 /home/lukas/www/cakeroot/Vendor/pear-pear.cakephp.org/CakePHP/Cake/Event/CakeEventManager.php(247): call_user_func(Array, Object(CakeEvent))
#2 /home/lukas/www/cakeroot/Vendor/pear-pear.cakephp.org/CakePHP/Cake/Controller/Controller.php(674): CakeEventManager->dispatch(Object(CakeEvent))
#3 /home/lukas/www/cakeroot/Vendor/pear-pear.cakephp.org/CakePHP/Cake/Routing/Dispatcher.php(182): Controller->startupProcess()
#4 /home/lukas/www/cakeroot/Vendor/pear-pear.cakephp.org/CakePHP/Cake/Routing/Dispatcher.php(160): Dispatcher->_invoke(Object(PagesController), Object(CakeRequest), Object(CakeResponse))
#5 /home/lukas/www/optipdf/webroot/index.php(101): Dispatcher->dispatch(Object(CakeRequest), Object(CakeResponse))
#6 {main}
2013-12-01 16:24:51 Error: [CakeException] Optimizer engine "Format" not found
Request URL: /optipdf/pages/home
Stack Trace:
#0 [internal function]: AppController->beforeFilter(Object(CakeEvent))
#1 /home/lukas/www/cakeroot/Vendor/pear-pear.cakephp.org/CakePHP/Cake/Event/CakeEventManager.php(247): call_user_func(Array, Object(CakeEvent))
#2 /home/lukas/www/cakeroot/Vendor/pear-pear.cakephp.org/CakePHP/Cake/Controller/Controller.php(674): CakeEventManager->dispatch(Object(CakeEvent))
#3 /home/lukas/www/cakeroot/Vendor/pear-pear.cakephp.org/CakePHP/Cake/Routing/Dispatcher.php(182): Controller->startupProcess()
#4 /home/lukas/www/cakeroot/Vendor/pear-pear.cakephp.org/CakePHP/Cake/Routing/Dispatcher.php(160): Dispatcher->_invoke(Object(PagesController), Object(CakeRequest), Object(CakeResponse))
#5 /home/lukas/www/optipdf/webroot/index.php(101): Dispatcher->dispatch(Object(CakeRequest), Object(CakeResponse))
#6 {main}
2013-12-01 16:24:52 Error: [CakeException] Optimizer engine "Format" not found
Request URL: /optipdf/pages/home
Stack Trace:
#0 [internal function]: AppController->beforeFilter(Object(CakeEvent))
#1 /home/lukas/www/cakeroot/Vendor/pear-pear.cakephp.org/CakePHP/Cake/Event/CakeEventManager.php(247): call_user_func(Array, Object(CakeEvent))
#2 /home/lukas/www/cakeroot/Vendor/pear-pear.cakephp.org/CakePHP/Cake/Controller/Controller.php(674): CakeEventManager->dispatch(Object(CakeEvent))
#3 /home/lukas/www/cakeroot/Vendor/pear-pear.cakephp.org/CakePHP/Cake/Routing/Dispatcher.php(182): Controller->startupProcess()
#4 /home/lukas/www/cakeroot/Vendor/pear-pear.cakephp.org/CakePHP/Cake/Routing/Dispatcher.php(160): Dispatcher->_invoke(Object(PagesController), Object(CakeRequest), Object(CakeResponse))
#5 /home/lukas/www/optipdf/webroot/index.php(101): Dispatcher->dispatch(Object(CakeRequest), Object(CakeResponse))
#6 {main}
2013-12-01 16:25:54 Error: [CakeException] Optimizer engine "Format" not found
Request URL: /optipdf/pages/home
Stack Trace:
#0 [internal function]: AppController->beforeFilter(Object(CakeEvent))
#1 /home/lukas/www/cakeroot/Vendor/pear-pear.cakephp.org/CakePHP/Cake/Event/CakeEventManager.php(247): call_user_func(Array, Object(CakeEvent))
#2 /home/lukas/www/cakeroot/Vendor/pear-pear.cakephp.org/CakePHP/Cake/Controller/Controller.php(674): CakeEventManager->dispatch(Object(CakeEvent))
#3 /home/lukas/www/cakeroot/Vendor/pear-pear.cakephp.org/CakePHP/Cake/Routing/Dispatcher.php(182): Controller->startupProcess()
#4 /home/lukas/www/cakeroot/Vendor/pear-pear.cakephp.org/CakePHP/Cake/Routing/Dispatcher.php(160): Dispatcher->_invoke(Object(PagesController), Object(CakeRequest), Object(CakeResponse))
#5 /home/lukas/www/optipdf/webroot/index.php(101): Dispatcher->dispatch(Object(CakeRequest), Object(CakeResponse))
#6 {main}
2013-12-01 16:25:55 Error: [CakeException] Optimizer engine "Format" not found
Request URL: /optipdf/pages/home
Stack Trace:
#0 [internal function]: AppController->beforeFilter(Object(CakeEvent))
#1 /home/lukas/www/cakeroot/Vendor/pear-pear.cakephp.org/CakePHP/Cake/Event/CakeEventManager.php(247): call_user_func(Array, Object(CakeEvent))
#2 /home/lukas/www/cakeroot/Vendor/pear-pear.cakephp.org/CakePHP/Cake/Controller/Controller.php(674): CakeEventManager->dispatch(Object(CakeEvent))
#3 /home/lukas/www/cakeroot/Vendor/pear-pear.cakephp.org/CakePHP/Cake/Routing/Dispatcher.php(182): Controller->startupProcess()
#4 /home/lukas/www/cakeroot/Vendor/pear-pear.cakephp.org/CakePHP/Cake/Routing/Dispatcher.php(160): Dispatcher->_invoke(Object(PagesController), Object(CakeRequest), Object(CakeResponse))
#5 /home/lukas/www/optipdf/webroot/index.php(101): Dispatcher->dispatch(Object(CakeRequest), Object(CakeResponse))
#6 {main}
2013-12-01 16:27:12 Error: Fatal Error (1): Class 'AbstractOptimizer' not found in [/home/lukas/www/optipdf/Plugin/CakeOptimizePdf/Optimizer/Engine/FormatOptimizer.php, line 6]
2013-12-01 16:27:12 Error: [FatalErrorException] Class 'AbstractOptimizer' not found
Request URL: /optipdf/pages/home
Stack Trace:
#0 /home/lukas/www/cakeroot/Vendor/pear-pear.cakephp.org/CakePHP/Cake/Error/ErrorHandler.php(203): ErrorHandler::handleFatalError(1, 'Class 'Abstract...', '/home/lukas/www...', 6)
#1 [internal function]: ErrorHandler::handleError(1, 'Class 'Abstract...', '/home/lukas/www...', 6, Array)
#2 /home/lukas/www/cakeroot/Vendor/pear-pear.cakephp.org/CakePHP/Cake/Core/App.php(929): call_user_func('ErrorHandler::h...', 1, 'Class 'Abstract...', '/home/lukas/www...', 6, Array)
#3 /home/lukas/www/cakeroot/Vendor/pear-pear.cakephp.org/CakePHP/Cake/Core/App.php(902): App::_checkFatalError()
#4 [internal function]: App::shutdown()
#5 {main}
2013-12-01 16:29:05 Error: [CakeException] Optimizer engine "Format" not found
Request URL: /optipdf/pages/home
Stack Trace:
#0 /home/lukas/www/optipdf/Controller/AppController.php(38): CakeOptimizer->engine('Format')
#1 [internal function]: AppController->beforeFilter(Object(CakeEvent))
#2 /home/lukas/www/cakeroot/Vendor/pear-pear.cakephp.org/CakePHP/Cake/Event/CakeEventManager.php(247): call_user_func(Array, Object(CakeEvent))
#3 /home/lukas/www/cakeroot/Vendor/pear-pear.cakephp.org/CakePHP/Cake/Controller/Controller.php(674): CakeEventManager->dispatch(Object(CakeEvent))
#4 /home/lukas/www/cakeroot/Vendor/pear-pear.cakephp.org/CakePHP/Cake/Routing/Dispatcher.php(182): Controller->startupProcess()
#5 /home/lukas/www/cakeroot/Vendor/pear-pear.cakephp.org/CakePHP/Cake/Routing/Dispatcher.php(160): Dispatcher->_invoke(Object(PagesController), Object(CakeRequest), Object(CakeResponse))
#6 /home/lukas/www/optipdf/webroot/index.php(101): Dispatcher->dispatch(Object(CakeRequest), Object(CakeResponse))
#7 {main}
2013-12-01 16:29:53 Error: [CakeException] Optimizer engine "Format" not found
Request URL: /optipdf/pages/home
Stack Trace:
#0 /home/lukas/www/optipdf/Controller/AppController.php(38): CakeOptimizer->engine('Format')
#1 [internal function]: AppController->beforeFilter(Object(CakeEvent))
#2 /home/lukas/www/cakeroot/Vendor/pear-pear.cakephp.org/CakePHP/Cake/Event/CakeEventManager.php(247): call_user_func(Array, Object(CakeEvent))
#3 /home/lukas/www/cakeroot/Vendor/pear-pear.cakephp.org/CakePHP/Cake/Controller/Controller.php(674): CakeEventManager->dispatch(Object(CakeEvent))
#4 /home/lukas/www/cakeroot/Vendor/pear-pear.cakephp.org/CakePHP/Cake/Routing/Dispatcher.php(182): Controller->startupProcess()
#5 /home/lukas/www/cakeroot/Vendor/pear-pear.cakephp.org/CakePHP/Cake/Routing/Dispatcher.php(160): Dispatcher->_invoke(Object(PagesController), Object(CakeRequest), Object(CakeResponse))
#6 /home/lukas/www/optipdf/webroot/index.php(101): Dispatcher->dispatch(Object(CakeRequest), Object(CakeResponse))
#7 {main}
2013-12-01 23:40:18 Error: Fatal Error (1): Call to undefined method CakeOptimizer::temp() in [/home/lukas/www/optipdf/Plugin/CakeOptimizePdf/Optimizer/Engine/FormatOptimizer.php, line 30]
2013-12-01 23:40:18 Error: [FatalErrorException] Call to undefined method CakeOptimizer::temp()
Request URL: /optipdf/pages/home
Stack Trace:
#0 /home/lukas/www/cakeroot/Vendor/pear-pear.cakephp.org/CakePHP/Cake/Error/ErrorHandler.php(203): ErrorHandler::handleFatalError(1, 'Call to undefin...', '/home/lukas/www...', 30)
#1 [internal function]: ErrorHandler::handleError(1, 'Call to undefin...', '/home/lukas/www...', 30, Array)
#2 /home/lukas/www/cakeroot/Vendor/pear-pear.cakephp.org/CakePHP/Cake/Core/App.php(929): call_user_func('ErrorHandler::h...', 1, 'Call to undefin...', '/home/lukas/www...', 30, Array)
#3 /home/lukas/www/cakeroot/Vendor/pear-pear.cakephp.org/CakePHP/Cake/Core/App.php(902): App::_checkFatalError()
#4 [internal function]: App::shutdown()
#5 {main}
2013-12-01 23:41:08 Error: Fatal Error (1): Call to undefined method CakeOptimizer::temp() in [/home/lukas/www/optipdf/Plugin/CakeOptimizePdf/Optimizer/Engine/FormatOptimizer.php, line 30]
2013-12-01 23:41:08 Error: [FatalErrorException] Call to undefined method CakeOptimizer::temp()
Request URL: /optipdf/pages/home
Stack Trace:
#0 /home/lukas/www/cakeroot/Vendor/pear-pear.cakephp.org/CakePHP/Cake/Error/ErrorHandler.php(203): ErrorHandler::handleFatalError(1, 'Call to undefin...', '/home/lukas/www...', 30)
#1 [internal function]: ErrorHandler::handleError(1, 'Call to undefin...', '/home/lukas/www...', 30, Array)
#2 /home/lukas/www/cakeroot/Vendor/pear-pear.cakephp.org/CakePHP/Cake/Core/App.php(929): call_user_func('ErrorHandler::h...', 1, 'Call to undefin...', '/home/lukas/www...', 30, Array)
#3 /home/lukas/www/cakeroot/Vendor/pear-pear.cakephp.org/CakePHP/Cake/Core/App.php(902): App::_checkFatalError()
#4 [internal function]: App::shutdown()
#5 {main}
2013-12-01 23:41:09 Error: Fatal Error (1): Call to undefined method CakeOptimizer::temp() in [/home/lukas/www/optipdf/Plugin/CakeOptimizePdf/Optimizer/Engine/FormatOptimizer.php, line 30]
2013-12-01 23:41:09 Error: [FatalErrorException] Call to undefined method CakeOptimizer::temp()
Request URL: /optipdf/pages/home
Stack Trace:
#0 /home/lukas/www/cakeroot/Vendor/pear-pear.cakephp.org/CakePHP/Cake/Error/ErrorHandler.php(203): ErrorHandler::handleFatalError(1, 'Call to undefin...', '/home/lukas/www...', 30)
#1 [internal function]: ErrorHandler::handleError(1, 'Call to undefin...', '/home/lukas/www...', 30, Array)
#2 /home/lukas/www/cakeroot/Vendor/pear-pear.cakephp.org/CakePHP/Cake/Core/App.php(929): call_user_func('ErrorHandler::h...', 1, 'Call to undefin...', '/home/lukas/www...', 30, Array)
#3 /home/lukas/www/cakeroot/Vendor/pear-pear.cakephp.org/CakePHP/Cake/Core/App.php(902): App::_checkFatalError()
#4 [internal function]: App::shutdown()
#5 {main}
2013-12-01 23:41:32 Error: Fatal Error (1): Call to undefined method CakeOptimizer::temp() in [/home/lukas/www/optipdf/Plugin/CakeOptimizePdf/Optimizer/Engine/FormatOptimizer.php, line 30]
2013-12-01 23:41:32 Error: [FatalErrorException] Call to undefined method CakeOptimizer::temp()
Request URL: /optipdf/pages/home
Stack Trace:
#0 /home/lukas/www/cakeroot/Vendor/pear-pear.cakephp.org/CakePHP/Cake/Error/ErrorHandler.php(203): ErrorHandler::handleFatalError(1, 'Call to undefin...', '/home/lukas/www...', 30)
#1 [internal function]: ErrorHandler::handleError(1, 'Call to undefin...', '/home/lukas/www...', 30, Array)
#2 /home/lukas/www/cakeroot/Vendor/pear-pear.cakephp.org/CakePHP/Cake/Core/App.php(929): call_user_func('ErrorHandler::h...', 1, 'Call to undefin...', '/home/lukas/www...', 30, Array)
#3 /home/lukas/www/cakeroot/Vendor/pear-pear.cakephp.org/CakePHP/Cake/Core/App.php(902): App::_checkFatalError()
#4 [internal function]: App::shutdown()
#5 {main}
2013-12-01 23:47:01 Error: Fatal Error (1): Cannot access protected property CakeOptimizer::$_filename in [/home/lukas/www/optipdf/Plugin/CakeOptimizePdf/Optimizer/Engine/FormatOptimizer.php, line 76]
2013-12-01 23:47:01 Error: [FatalErrorException] Cannot access protected property CakeOptimizer::$_filename
Request URL: /optipdf/pages/home
Stack Trace:
#0 /home/lukas/www/cakeroot/Vendor/pear-pear.cakephp.org/CakePHP/Cake/Error/ErrorHandler.php(203): ErrorHandler::handleFatalError(1, 'Cannot access p...', '/home/lukas/www...', 76)
#1 [internal function]: ErrorHandler::handleError(1, 'Cannot access p...', '/home/lukas/www...', 76, Array)
#2 /home/lukas/www/cakeroot/Vendor/pear-pear.cakephp.org/CakePHP/Cake/Core/App.php(929): call_user_func('ErrorHandler::h...', 1, 'Cannot access p...', '/home/lukas/www...', 76, Array)
#3 /home/lukas/www/cakeroot/Vendor/pear-pear.cakephp.org/CakePHP/Cake/Core/App.php(902): App::_checkFatalError()
#4 [internal function]: App::shutdown()
#5 {main}
2013-12-02 00:16:22 Error: [CakeException] Optimizer engine "CakeOptimizePdf.Tiff" not found
Request URL: /optipdf/pages/home
Stack Trace:
#0 /home/lukas/www/optipdf/Controller/AppController.php(40): CakeOptimizer->converter('CakeOptimizePdf...')
#1 [internal function]: AppController->beforeFilter(Object(CakeEvent))
#2 /home/lukas/www/cakeroot/Vendor/pear-pear.cakephp.org/CakePHP/Cake/Event/CakeEventManager.php(247): call_user_func(Array, Object(CakeEvent))
#3 /home/lukas/www/cakeroot/Vendor/pear-pear.cakephp.org/CakePHP/Cake/Controller/Controller.php(674): CakeEventManager->dispatch(Object(CakeEvent))
#4 /home/lukas/www/cakeroot/Vendor/pear-pear.cakephp.org/CakePHP/Cake/Routing/Dispatcher.php(182): Controller->startupProcess()
#5 /home/lukas/www/cakeroot/Vendor/pear-pear.cakephp.org/CakePHP/Cake/Routing/Dispatcher.php(160): Dispatcher->_invoke(Object(PagesController), Object(CakeRequest), Object(CakeResponse))
#6 /home/lukas/www/optipdf/webroot/index.php(101): Dispatcher->dispatch(Object(CakeRequest), Object(CakeResponse))
#7 {main}
2013-12-02 00:16:58 Error: [CakeException] Optimizer engines must extend "AbstractOptimizer"
Request URL: /optipdf/pages/home
Stack Trace:
#0 /home/lukas/www/optipdf/Controller/AppController.php(40): CakeOptimizer->converter('CakeOptimizePdf...')
#1 [internal function]: AppController->beforeFilter(Object(CakeEvent))
#2 /home/lukas/www/cakeroot/Vendor/pear-pear.cakephp.org/CakePHP/Cake/Event/CakeEventManager.php(247): call_user_func(Array, Object(CakeEvent))
#3 /home/lukas/www/cakeroot/Vendor/pear-pear.cakephp.org/CakePHP/Cake/Controller/Controller.php(674): CakeEventManager->dispatch(Object(CakeEvent))
#4 /home/lukas/www/cakeroot/Vendor/pear-pear.cakephp.org/CakePHP/Cake/Routing/Dispatcher.php(182): Controller->startupProcess()
#5 /home/lukas/www/cakeroot/Vendor/pear-pear.cakephp.org/CakePHP/Cake/Routing/Dispatcher.php(160): Dispatcher->_invoke(Object(PagesController), Object(CakeRequest), Object(CakeResponse))
#6 /home/lukas/www/optipdf/webroot/index.php(101): Dispatcher->dispatch(Object(CakeRequest), Object(CakeResponse))
#7 {main}
2013-12-02 00:22:18 Error: [CakeException] scantailor binary is not found or not executable: 
Request URL: /optipdf/pages/home
Stack Trace:
#0 /home/lukas/www/optipdf/Plugin/CakeOptimizePdf/Optimizer/Converter/TiffConverter.php(19): TiffConverter->_getCommand()
#1 /home/lukas/www/optipdf/Plugin/CakeOptimizePdf/Optimizer/CakeOptimizer.php(129): TiffConverter->convert()
#2 /home/lukas/www/optipdf/Controller/AppController.php(41): CakeOptimizer->output()
#3 [internal function]: AppController->beforeFilter(Object(CakeEvent))
#4 /home/lukas/www/cakeroot/Vendor/pear-pear.cakephp.org/CakePHP/Cake/Event/CakeEventManager.php(247): call_user_func(Array, Object(CakeEvent))
#5 /home/lukas/www/cakeroot/Vendor/pear-pear.cakephp.org/CakePHP/Cake/Controller/Controller.php(674): CakeEventManager->dispatch(Object(CakeEvent))
#6 /home/lukas/www/cakeroot/Vendor/pear-pear.cakephp.org/CakePHP/Cake/Routing/Dispatcher.php(182): Controller->startupProcess()
#7 /home/lukas/www/cakeroot/Vendor/pear-pear.cakephp.org/CakePHP/Cake/Routing/Dispatcher.php(160): Dispatcher->_invoke(Object(PagesController), Object(CakeRequest), Object(CakeResponse))
#8 /home/lukas/www/optipdf/webroot/index.php(101): Dispatcher->dispatch(Object(CakeRequest), Object(CakeResponse))
#9 {main}
2013-12-02 00:22:51 Error: [CakeException] scantailor binary is not found or not executable: 
Request URL: /optipdf/pages/home
Stack Trace:
#0 /home/lukas/www/optipdf/Plugin/CakeOptimizePdf/Optimizer/Converter/TiffConverter.php(19): TiffConverter->_getCommand()
#1 /home/lukas/www/optipdf/Plugin/CakeOptimizePdf/Optimizer/CakeOptimizer.php(129): TiffConverter->convert()
#2 /home/lukas/www/optipdf/Controller/AppController.php(41): CakeOptimizer->output()
#3 [internal function]: AppController->beforeFilter(Object(CakeEvent))
#4 /home/lukas/www/cakeroot/Vendor/pear-pear.cakephp.org/CakePHP/Cake/Event/CakeEventManager.php(247): call_user_func(Array, Object(CakeEvent))
#5 /home/lukas/www/cakeroot/Vendor/pear-pear.cakephp.org/CakePHP/Cake/Controller/Controller.php(674): CakeEventManager->dispatch(Object(CakeEvent))
#6 /home/lukas/www/cakeroot/Vendor/pear-pear.cakephp.org/CakePHP/Cake/Routing/Dispatcher.php(182): Controller->startupProcess()
#7 /home/lukas/www/cakeroot/Vendor/pear-pear.cakephp.org/CakePHP/Cake/Routing/Dispatcher.php(160): Dispatcher->_invoke(Object(PagesController), Object(CakeRequest), Object(CakeResponse))
#8 /home/lukas/www/optipdf/webroot/index.php(101): Dispatcher->dispatch(Object(CakeRequest), Object(CakeResponse))
#9 {main}
2013-12-02 00:23:30 Error: [CakeException] scantailor binary is not found or not executable: 
Request URL: /optipdf/pages/home
Stack Trace:
#0 /home/lukas/www/optipdf/Plugin/CakeOptimizePdf/Optimizer/Converter/TiffConverter.php(19): TiffConverter->_getCommand()
#1 /home/lukas/www/optipdf/Plugin/CakeOptimizePdf/Optimizer/CakeOptimizer.php(129): TiffConverter->convert()
#2 /home/lukas/www/optipdf/Controller/AppController.php(41): CakeOptimizer->output()
#3 [internal function]: AppController->beforeFilter(Object(CakeEvent))
#4 /home/lukas/www/cakeroot/Vendor/pear-pear.cakephp.org/CakePHP/Cake/Event/CakeEventManager.php(247): call_user_func(Array, Object(CakeEvent))
#5 /home/lukas/www/cakeroot/Vendor/pear-pear.cakephp.org/CakePHP/Cake/Controller/Controller.php(674): CakeEventManager->dispatch(Object(CakeEvent))
#6 /home/lukas/www/cakeroot/Vendor/pear-pear.cakephp.org/CakePHP/Cake/Routing/Dispatcher.php(182): Controller->startupProcess()
#7 /home/lukas/www/cakeroot/Vendor/pear-pear.cakephp.org/CakePHP/Cake/Routing/Dispatcher.php(160): Dispatcher->_invoke(Object(PagesController), Object(CakeRequest), Object(CakeResponse))
#8 /home/lukas/www/optipdf/webroot/index.php(101): Dispatcher->dispatch(Object(CakeRequest), Object(CakeResponse))
#9 {main}
2013-12-02 00:47:29 Error: [CakeException] System error <pre>GPL Ghostscript 9.07: Unrecoverable error, exit code 1
</pre>
Request URL: /optipdf/pages/home
Stack Trace:
#0 /home/lukas/www/optipdf/Plugin/CakeOptimizePdf/Optimizer/CakeOptimizer.php(129): TiffConverter->convert()
#1 /home/lukas/www/optipdf/Controller/AppController.php(41): CakeOptimizer->output()
#2 [internal function]: AppController->beforeFilter(Object(CakeEvent))
#3 /home/lukas/www/cakeroot/Vendor/pear-pear.cakephp.org/CakePHP/Cake/Event/CakeEventManager.php(247): call_user_func(Array, Object(CakeEvent))
#4 /home/lukas/www/cakeroot/Vendor/pear-pear.cakephp.org/CakePHP/Cake/Controller/Controller.php(674): CakeEventManager->dispatch(Object(CakeEvent))
#5 /home/lukas/www/cakeroot/Vendor/pear-pear.cakephp.org/CakePHP/Cake/Routing/Dispatcher.php(182): Controller->startupProcess()
#6 /home/lukas/www/cakeroot/Vendor/pear-pear.cakephp.org/CakePHP/Cake/Routing/Dispatcher.php(160): Dispatcher->_invoke(Object(PagesController), Object(CakeRequest), Object(CakeResponse))
#7 /home/lukas/www/optipdf/webroot/index.php(101): Dispatcher->dispatch(Object(CakeRequest), Object(CakeResponse))
#8 {main}
2013-12-02 00:47:55 Error: [CakeException] System error <pre>GPL Ghostscript 9.07: Unrecoverable error, exit code 1
</pre>
Request URL: /optipdf/pages/home
Stack Trace:
#0 /home/lukas/www/optipdf/Plugin/CakeOptimizePdf/Optimizer/CakeOptimizer.php(129): TiffConverter->convert()
#1 /home/lukas/www/optipdf/Controller/AppController.php(41): CakeOptimizer->output()
#2 [internal function]: AppController->beforeFilter(Object(CakeEvent))
#3 /home/lukas/www/cakeroot/Vendor/pear-pear.cakephp.org/CakePHP/Cake/Event/CakeEventManager.php(247): call_user_func(Array, Object(CakeEvent))
#4 /home/lukas/www/cakeroot/Vendor/pear-pear.cakephp.org/CakePHP/Cake/Controller/Controller.php(674): CakeEventManager->dispatch(Object(CakeEvent))
#5 /home/lukas/www/cakeroot/Vendor/pear-pear.cakephp.org/CakePHP/Cake/Routing/Dispatcher.php(182): Controller->startupProcess()
#6 /home/lukas/www/cakeroot/Vendor/pear-pear.cakephp.org/CakePHP/Cake/Routing/Dispatcher.php(160): Dispatcher->_invoke(Object(PagesController), Object(CakeRequest), Object(CakeResponse))
#7 /home/lukas/www/optipdf/webroot/index.php(101): Dispatcher->dispatch(Object(CakeRequest), Object(CakeResponse))
#8 {main}
2013-12-02 00:49:54 Error: [CakeException] System error <pre>GPL Ghostscript 9.07: Unrecoverable error, exit code 1
</pre>
Request URL: /optipdf/pages/home
Stack Trace:
#0 /home/lukas/www/optipdf/Plugin/CakeOptimizePdf/Optimizer/CakeOptimizer.php(129): TiffConverter->convert()
#1 /home/lukas/www/optipdf/Controller/AppController.php(41): CakeOptimizer->output()
#2 [internal function]: AppController->beforeFilter(Object(CakeEvent))
#3 /home/lukas/www/cakeroot/Vendor/pear-pear.cakephp.org/CakePHP/Cake/Event/CakeEventManager.php(247): call_user_func(Array, Object(CakeEvent))
#4 /home/lukas/www/cakeroot/Vendor/pear-pear.cakephp.org/CakePHP/Cake/Controller/Controller.php(674): CakeEventManager->dispatch(Object(CakeEvent))
#5 /home/lukas/www/cakeroot/Vendor/pear-pear.cakephp.org/CakePHP/Cake/Routing/Dispatcher.php(182): Controller->startupProcess()
#6 /home/lukas/www/cakeroot/Vendor/pear-pear.cakephp.org/CakePHP/Cake/Routing/Dispatcher.php(160): Dispatcher->_invoke(Object(PagesController), Object(CakeRequest), Object(CakeResponse))
#7 /home/lukas/www/optipdf/webroot/index.php(101): Dispatcher->dispatch(Object(CakeRequest), Object(CakeResponse))
#8 {main}
2013-12-02 00:50:08 Error: [CakeException] System error <pre>GPL Ghostscript 9.07: Unrecoverable error, exit code 1
</pre>
Request URL: /optipdf/pages/home
Stack Trace:
#0 /home/lukas/www/optipdf/Plugin/CakeOptimizePdf/Optimizer/CakeOptimizer.php(129): TiffConverter->convert()
#1 /home/lukas/www/optipdf/Controller/AppController.php(41): CakeOptimizer->output()
#2 [internal function]: AppController->beforeFilter(Object(CakeEvent))
#3 /home/lukas/www/cakeroot/Vendor/pear-pear.cakephp.org/CakePHP/Cake/Event/CakeEventManager.php(247): call_user_func(Array, Object(CakeEvent))
#4 /home/lukas/www/cakeroot/Vendor/pear-pear.cakephp.org/CakePHP/Cake/Controller/Controller.php(674): CakeEventManager->dispatch(Object(CakeEvent))
#5 /home/lukas/www/cakeroot/Vendor/pear-pear.cakephp.org/CakePHP/Cake/Routing/Dispatcher.php(182): Controller->startupProcess()
#6 /home/lukas/www/cakeroot/Vendor/pear-pear.cakephp.org/CakePHP/Cake/Routing/Dispatcher.php(160): Dispatcher->_invoke(Object(PagesController), Object(CakeRequest), Object(CakeResponse))
#7 /home/lukas/www/optipdf/webroot/index.php(101): Dispatcher->dispatch(Object(CakeRequest), Object(CakeResponse))
#8 {main}
2013-12-02 00:51:24 Error: [CakeException] System error <pre>GPL Ghostscript 9.07: Unrecoverable error, exit code 1
</pre>
Request URL: /optipdf/pages/home
Stack Trace:
#0 /home/lukas/www/optipdf/Plugin/CakeOptimizePdf/Optimizer/CakeOptimizer.php(129): TiffConverter->convert()
#1 /home/lukas/www/optipdf/Controller/AppController.php(41): CakeOptimizer->output()
#2 [internal function]: AppController->beforeFilter(Object(CakeEvent))
#3 /home/lukas/www/cakeroot/Vendor/pear-pear.cakephp.org/CakePHP/Cake/Event/CakeEventManager.php(247): call_user_func(Array, Object(CakeEvent))
#4 /home/lukas/www/cakeroot/Vendor/pear-pear.cakephp.org/CakePHP/Cake/Controller/Controller.php(674): CakeEventManager->dispatch(Object(CakeEvent))
#5 /home/lukas/www/cakeroot/Vendor/pear-pear.cakephp.org/CakePHP/Cake/Routing/Dispatcher.php(182): Controller->startupProcess()
#6 /home/lukas/www/cakeroot/Vendor/pear-pear.cakephp.org/CakePHP/Cake/Routing/Dispatcher.php(160): Dispatcher->_invoke(Object(PagesController), Object(CakeRequest), Object(CakeResponse))
#7 /home/lukas/www/optipdf/webroot/index.php(101): Dispatcher->dispatch(Object(CakeRequest), Object(CakeResponse))
#8 {main}
2013-12-02 00:52:41 Error: [CakeException] System error <pre>GPL Ghostscript 9.07: Unrecoverable error, exit code 1
</pre>
Request URL: /optipdf/pages/home
Stack Trace:
#0 /home/lukas/www/optipdf/Plugin/CakeOptimizePdf/Optimizer/CakeOptimizer.php(129): TiffConverter->convert()
#1 /home/lukas/www/optipdf/Controller/AppController.php(41): CakeOptimizer->output()
#2 [internal function]: AppController->beforeFilter(Object(CakeEvent))
#3 /home/lukas/www/cakeroot/Vendor/pear-pear.cakephp.org/CakePHP/Cake/Event/CakeEventManager.php(247): call_user_func(Array, Object(CakeEvent))
#4 /home/lukas/www/cakeroot/Vendor/pear-pear.cakephp.org/CakePHP/Cake/Controller/Controller.php(674): CakeEventManager->dispatch(Object(CakeEvent))
#5 /home/lukas/www/cakeroot/Vendor/pear-pear.cakephp.org/CakePHP/Cake/Routing/Dispatcher.php(182): Controller->startupProcess()
#6 /home/lukas/www/cakeroot/Vendor/pear-pear.cakephp.org/CakePHP/Cake/Routing/Dispatcher.php(160): Dispatcher->_invoke(Object(PagesController), Object(CakeRequest), Object(CakeResponse))
#7 /home/lukas/www/optipdf/webroot/index.php(101): Dispatcher->dispatch(Object(CakeRequest), Object(CakeResponse))
#8 {main}
2013-12-02 01:01:23 Error: Fatal Error (1): Call to undefined method Folder::path() in [/home/lukas/www/optipdf/Plugin/CakeOptimizePdf/Optimizer/Converter/TiffConverter.php, line 68]
2013-12-02 01:01:23 Error: [FatalErrorException] Call to undefined method Folder::path()
Request URL: /optipdf/pages/home
Stack Trace:
#0 /home/lukas/www/cakeroot/Vendor/pear-pear.cakephp.org/CakePHP/Cake/Error/ErrorHandler.php(203): ErrorHandler::handleFatalError(1, 'Call to undefin...', '/home/lukas/www...', 68)
#1 [internal function]: ErrorHandler::handleError(1, 'Call to undefin...', '/home/lukas/www...', 68, Array)
#2 /home/lukas/www/cakeroot/Vendor/pear-pear.cakephp.org/CakePHP/Cake/Core/App.php(929): call_user_func('ErrorHandler::h...', 1, 'Call to undefin...', '/home/lukas/www...', 68, Array)
#3 /home/lukas/www/cakeroot/Vendor/pear-pear.cakephp.org/CakePHP/Cake/Core/App.php(902): App::_checkFatalError()
#4 [internal function]: App::shutdown()
#5 {main}
2013-12-02 01:01:47 Error: [CakeException] System error <pre>GPL Ghostscript 9.07: Unrecoverable error, exit code 1
</pre>
Request URL: /optipdf/pages/home
Stack Trace:
#0 /home/lukas/www/optipdf/Plugin/CakeOptimizePdf/Optimizer/CakeOptimizer.php(129): TiffConverter->convert()
#1 /home/lukas/www/optipdf/Controller/AppController.php(41): CakeOptimizer->output()
#2 [internal function]: AppController->beforeFilter(Object(CakeEvent))
#3 /home/lukas/www/cakeroot/Vendor/pear-pear.cakephp.org/CakePHP/Cake/Event/CakeEventManager.php(247): call_user_func(Array, Object(CakeEvent))
#4 /home/lukas/www/cakeroot/Vendor/pear-pear.cakephp.org/CakePHP/Cake/Controller/Controller.php(674): CakeEventManager->dispatch(Object(CakeEvent))
#5 /home/lukas/www/cakeroot/Vendor/pear-pear.cakephp.org/CakePHP/Cake/Routing/Dispatcher.php(182): Controller->startupProcess()
#6 /home/lukas/www/cakeroot/Vendor/pear-pear.cakephp.org/CakePHP/Cake/Routing/Dispatcher.php(160): Dispatcher->_invoke(Object(PagesController), Object(CakeRequest), Object(CakeResponse))
#7 /home/lukas/www/optipdf/webroot/index.php(101): Dispatcher->dispatch(Object(CakeRequest), Object(CakeResponse))
#8 {main}
2013-12-02 01:02:39 Error: [CakeException] System error <pre>GPL Ghostscript 9.07: Unrecoverable error, exit code 1
</pre>
Request URL: /optipdf/pages/home
Stack Trace:
#0 /home/lukas/www/optipdf/Plugin/CakeOptimizePdf/Optimizer/CakeOptimizer.php(129): TiffConverter->convert()
#1 /home/lukas/www/optipdf/Controller/AppController.php(41): CakeOptimizer->output()
#2 [internal function]: AppController->beforeFilter(Object(CakeEvent))
#3 /home/lukas/www/cakeroot/Vendor/pear-pear.cakephp.org/CakePHP/Cake/Event/CakeEventManager.php(247): call_user_func(Array, Object(CakeEvent))
#4 /home/lukas/www/cakeroot/Vendor/pear-pear.cakephp.org/CakePHP/Cake/Controller/Controller.php(674): CakeEventManager->dispatch(Object(CakeEvent))
#5 /home/lukas/www/cakeroot/Vendor/pear-pear.cakephp.org/CakePHP/Cake/Routing/Dispatcher.php(182): Controller->startupProcess()
#6 /home/lukas/www/cakeroot/Vendor/pear-pear.cakephp.org/CakePHP/Cake/Routing/Dispatcher.php(160): Dispatcher->_invoke(Object(PagesController), Object(CakeRequest), Object(CakeResponse))
#7 /home/lukas/www/optipdf/webroot/index.php(101): Dispatcher->dispatch(Object(CakeRequest), Object(CakeResponse))
#8 {main}
2013-12-02 01:07:03 Error: Fatal Error (1): Cannot access protected property CakeOptimizer::$_tempDir in [/home/lukas/www/optipdf/Plugin/CakeOptimizePdf/Optimizer/Converter/TiffConverter.php, line 22]
2013-12-02 01:07:03 Error: [FatalErrorException] Cannot access protected property CakeOptimizer::$_tempDir
Request URL: /optipdf/pages/home
Stack Trace:
#0 /home/lukas/www/cakeroot/Vendor/pear-pear.cakephp.org/CakePHP/Cake/Error/ErrorHandler.php(203): ErrorHandler::handleFatalError(1, 'Cannot access p...', '/home/lukas/www...', 22)
#1 [internal function]: ErrorHandler::handleError(1, 'Cannot access p...', '/home/lukas/www...', 22, Array)
#2 /home/lukas/www/cakeroot/Vendor/pear-pear.cakephp.org/CakePHP/Cake/Core/App.php(929): call_user_func('ErrorHandler::h...', 1, 'Cannot access p...', '/home/lukas/www...', 22, Array)
#3 /home/lukas/www/cakeroot/Vendor/pear-pear.cakephp.org/CakePHP/Cake/Core/App.php(902): App::_checkFatalError()
#4 [internal function]: App::shutdown()
#5 {main}
2013-12-02 01:09:05 Error: Fatal Error (1): Call to undefined method CakeOptimizer::_tempDir() in [/home/lukas/www/optipdf/Plugin/CakeOptimizePdf/Optimizer/Converter/TiffConverter.php, line 22]
2013-12-02 01:09:05 Error: [FatalErrorException] Call to undefined method CakeOptimizer::_tempDir()
Request URL: /optipdf/pages/home
Stack Trace:
#0 /home/lukas/www/cakeroot/Vendor/pear-pear.cakephp.org/CakePHP/Cake/Error/ErrorHandler.php(203): ErrorHandler::handleFatalError(1, 'Call to undefin...', '/home/lukas/www...', 22)
#1 [internal function]: ErrorHandler::handleError(1, 'Call to undefin...', '/home/lukas/www...', 22, Array)
#2 /home/lukas/www/cakeroot/Vendor/pear-pear.cakephp.org/CakePHP/Cake/Core/App.php(929): call_user_func('ErrorHandler::h...', 1, 'Call to undefin...', '/home/lukas/www...', 22, Array)
#3 /home/lukas/www/cakeroot/Vendor/pear-pear.cakephp.org/CakePHP/Cake/Core/App.php(902): App::_checkFatalError()
#4 [internal function]: App::shutdown()
#5 {main}
2013-12-02 02:24:39 Error: Fatal Error (1): Class 'AbstractOptimizer' not found in [/home/lukas/www/optipdf/Plugin/CakeOptimizePdf/Optimizer/Engine/FontOptimizer.php, line 9]
2013-12-02 02:24:39 Error: [FatalErrorException] Class 'AbstractOptimizer' not found
Request URL: /optipdf/pages/home
Stack Trace:
#0 /home/lukas/www/cakeroot/Vendor/pear-pear.cakephp.org/CakePHP/Cake/Error/ErrorHandler.php(203): ErrorHandler::handleFatalError(1, 'Class 'Abstract...', '/home/lukas/www...', 9)
#1 [internal function]: ErrorHandler::handleError(1, 'Class 'Abstract...', '/home/lukas/www...', 9, Array)
#2 /home/lukas/www/cakeroot/Vendor/pear-pear.cakephp.org/CakePHP/Cake/Core/App.php(929): call_user_func('ErrorHandler::h...', 1, 'Class 'Abstract...', '/home/lukas/www...', 9, Array)
#3 /home/lukas/www/cakeroot/Vendor/pear-pear.cakephp.org/CakePHP/Cake/Core/App.php(902): App::_checkFatalError()
#4 [internal function]: App::shutdown()
#5 {main}
2013-12-02 02:25:03 Error: Fatal Error (1): Call to a member function name() on a non-object in [/home/lukas/www/optipdf/Plugin/CakeOptimizePdf/Optimizer/Engine/FontOptimizer.php, line 31]
2013-12-02 02:25:03 Error: [FatalErrorException] Call to a member function name() on a non-object
Request URL: /optipdf/pages/home
Stack Trace:
#0 /home/lukas/www/cakeroot/Vendor/pear-pear.cakephp.org/CakePHP/Cake/Error/ErrorHandler.php(203): ErrorHandler::handleFatalError(1, 'Call to a membe...', '/home/lukas/www...', 31)
#1 [internal function]: ErrorHandler::handleError(1, 'Call to a membe...', '/home/lukas/www...', 31, Array)
#2 /home/lukas/www/cakeroot/Vendor/pear-pear.cakephp.org/CakePHP/Cake/Core/App.php(929): call_user_func('ErrorHandler::h...', 1, 'Call to a membe...', '/home/lukas/www...', 31, Array)
#3 /home/lukas/www/cakeroot/Vendor/pear-pear.cakephp.org/CakePHP/Cake/Core/App.php(902): App::_checkFatalError()
#4 [internal function]: App::shutdown()
#5 {main}
2013-12-02 02:26:15 Error: Fatal Error (1): Call to a member function name() on a non-object in [/home/lukas/www/optipdf/Plugin/CakeOptimizePdf/Optimizer/Engine/FontOptimizer.php, line 33]
2013-12-02 02:26:15 Error: [FatalErrorException] Call to a member function name() on a non-object
Request URL: /optipdf/pages/home
Stack Trace:
#0 /home/lukas/www/cakeroot/Vendor/pear-pear.cakephp.org/CakePHP/Cake/Error/ErrorHandler.php(203): ErrorHandler::handleFatalError(1, 'Call to a membe...', '/home/lukas/www...', 33)
#1 [internal function]: ErrorHandler::handleError(1, 'Call to a membe...', '/home/lukas/www...', 33, Array)
#2 /home/lukas/www/cakeroot/Vendor/pear-pear.cakephp.org/CakePHP/Cake/Core/App.php(929): call_user_func('ErrorHandler::h...', 1, 'Call to a membe...', '/home/lukas/www...', 33, Array)
#3 /home/lukas/www/cakeroot/Vendor/pear-pear.cakephp.org/CakePHP/Cake/Core/App.php(902): App::_checkFatalError()
#4 [internal function]: App::shutdown()
#5 {main}
2013-12-02 02:26:36 Error: Fatal Error (1): Call to a member function name() on a non-object in [/home/lukas/www/optipdf/Plugin/CakeOptimizePdf/Optimizer/Engine/FontOptimizer.php, line 34]
2013-12-02 02:26:36 Error: [FatalErrorException] Call to a member function name() on a non-object
Request URL: /optipdf/pages/home
Stack Trace:
#0 /home/lukas/www/cakeroot/Vendor/pear-pear.cakephp.org/CakePHP/Cake/Error/ErrorHandler.php(203): ErrorHandler::handleFatalError(1, 'Call to a membe...', '/home/lukas/www...', 34)
#1 [internal function]: ErrorHandler::handleError(1, 'Call to a membe...', '/home/lukas/www...', 34, Array)
#2 /home/lukas/www/cakeroot/Vendor/pear-pear.cakephp.org/CakePHP/Cake/Core/App.php(929): call_user_func('ErrorHandler::h...', 1, 'Call to a membe...', '/home/lukas/www...', 34, Array)
#3 /home/lukas/www/cakeroot/Vendor/pear-pear.cakephp.org/CakePHP/Cake/Core/App.php(902): App::_checkFatalError()
#4 [internal function]: App::shutdown()
#5 {main}
2013-12-02 02:31:00 Error: Fatal Error (1): Call to a member function pwd() on a non-object in [/home/lukas/www/optipdf/Plugin/CakeOptimizePdf/Optimizer/Engine/FontOptimizer.php, line 34]
2013-12-02 02:31:00 Error: [FatalErrorException] Call to a member function pwd() on a non-object
Request URL: /optipdf/pages/home
Stack Trace:
#0 /home/lukas/www/cakeroot/Vendor/pear-pear.cakephp.org/CakePHP/Cake/Error/ErrorHandler.php(203): ErrorHandler::handleFatalError(1, 'Call to a membe...', '/home/lukas/www...', 34)
#1 [internal function]: ErrorHandler::handleError(1, 'Call to a membe...', '/home/lukas/www...', 34, Array)
#2 /home/lukas/www/cakeroot/Vendor/pear-pear.cakephp.org/CakePHP/Cake/Core/App.php(929): call_user_func('ErrorHandler::h...', 1, 'Call to a membe...', '/home/lukas/www...', 34, Array)
#3 /home/lukas/www/cakeroot/Vendor/pear-pear.cakephp.org/CakePHP/Cake/Core/App.php(902): App::_checkFatalError()
#4 [internal function]: App::shutdown()
#5 {main}
2013-12-02 02:36:29 Error: [CakeException] Scantailor didn't return any data
Request URL: /optipdf/pages/home
Stack Trace:
#0 /home/lukas/www/optipdf/Plugin/CakeOptimizePdf/Optimizer/CakeOptimizer.php(139): FontOptimizer->output()
#1 /home/lukas/www/optipdf/Plugin/CakeOptimizePdf/Optimizer/CakeOptimizer.php(146): CakeOptimizer->output()
#2 /home/lukas/www/optipdf/Controller/AppController.php(39): CakeOptimizer->optimize()
#3 [internal function]: AppController->beforeFilter(Object(CakeEvent))
#4 /home/lukas/www/cakeroot/Vendor/pear-pear.cakephp.org/CakePHP/Cake/Event/CakeEventManager.php(247): call_user_func(Array, Object(CakeEvent))
#5 /home/lukas/www/cakeroot/Vendor/pear-pear.cakephp.org/CakePHP/Cake/Controller/Controller.php(674): CakeEventManager->dispatch(Object(CakeEvent))
#6 /home/lukas/www/cakeroot/Vendor/pear-pear.cakephp.org/CakePHP/Cake/Routing/Dispatcher.php(182): Controller->startupProcess()
#7 /home/lukas/www/cakeroot/Vendor/pear-pear.cakephp.org/CakePHP/Cake/Routing/Dispatcher.php(160): Dispatcher->_invoke(Object(PagesController), Object(CakeRequest), Object(CakeResponse))
#8 /home/lukas/www/optipdf/webroot/index.php(101): Dispatcher->dispatch(Object(CakeRequest), Object(CakeResponse))
#9 {main}
2013-12-02 02:39:50 Error: [CakeException] Tesseract didn't return any data
Request URL: /optipdf/pages/home
Stack Trace:
#0 /home/lukas/www/optipdf/Plugin/CakeOptimizePdf/Optimizer/CakeOptimizer.php(139): FontOptimizer->output()
#1 /home/lukas/www/optipdf/Plugin/CakeOptimizePdf/Optimizer/CakeOptimizer.php(146): CakeOptimizer->output()
#2 /home/lukas/www/optipdf/Controller/AppController.php(39): CakeOptimizer->optimize()
#3 [internal function]: AppController->beforeFilter(Object(CakeEvent))
#4 /home/lukas/www/cakeroot/Vendor/pear-pear.cakephp.org/CakePHP/Cake/Event/CakeEventManager.php(247): call_user_func(Array, Object(CakeEvent))
#5 /home/lukas/www/cakeroot/Vendor/pear-pear.cakephp.org/CakePHP/Cake/Controller/Controller.php(674): CakeEventManager->dispatch(Object(CakeEvent))
#6 /home/lukas/www/cakeroot/Vendor/pear-pear.cakephp.org/CakePHP/Cake/Routing/Dispatcher.php(182): Controller->startupProcess()
#7 /home/lukas/www/cakeroot/Vendor/pear-pear.cakephp.org/CakePHP/Cake/Routing/Dispatcher.php(160): Dispatcher->_invoke(Object(PagesController), Object(CakeRequest), Object(CakeResponse))
#8 /home/lukas/www/optipdf/webroot/index.php(101): Dispatcher->dispatch(Object(CakeRequest), Object(CakeResponse))
#9 {main}
2013-12-02 02:42:59 Error: [CakeException] Tesseract didn't return any data
Request URL: /optipdf/pages/home
Stack Trace:
#0 /home/lukas/www/optipdf/Plugin/CakeOptimizePdf/Optimizer/CakeOptimizer.php(139): FontOptimizer->output()
#1 /home/lukas/www/optipdf/Plugin/CakeOptimizePdf/Optimizer/CakeOptimizer.php(146): CakeOptimizer->output()
#2 /home/lukas/www/optipdf/Controller/AppController.php(39): CakeOptimizer->optimize()
#3 [internal function]: AppController->beforeFilter(Object(CakeEvent))
#4 /home/lukas/www/cakeroot/Vendor/pear-pear.cakephp.org/CakePHP/Cake/Event/CakeEventManager.php(247): call_user_func(Array, Object(CakeEvent))
#5 /home/lukas/www/cakeroot/Vendor/pear-pear.cakephp.org/CakePHP/Cake/Controller/Controller.php(674): CakeEventManager->dispatch(Object(CakeEvent))
#6 /home/lukas/www/cakeroot/Vendor/pear-pear.cakephp.org/CakePHP/Cake/Routing/Dispatcher.php(182): Controller->startupProcess()
#7 /home/lukas/www/cakeroot/Vendor/pear-pear.cakephp.org/CakePHP/Cake/Routing/Dispatcher.php(160): Dispatcher->_invoke(Object(PagesController), Object(CakeRequest), Object(CakeResponse))
#8 /home/lukas/www/optipdf/webroot/index.php(101): Dispatcher->dispatch(Object(CakeRequest), Object(CakeResponse))
#9 {main}
2013-12-02 22:51:13 Error: [MissingControllerException] Controller class HomeController could not be found.
Exception Attributes: array (
  'class' => 'HomeController',
  'plugin' => NULL,
)
Request URL: /optipdf/home
Stack Trace:
#0 /home/lukas/www/optipdf/webroot/index.php(101): Dispatcher->dispatch(Object(CakeRequest), Object(CakeResponse))
#1 {main}
2013-12-02 22:52:36 Error: [MissingControllerException] Controller class HomeController could not be found.
Exception Attributes: array (
  'class' => 'HomeController',
  'plugin' => NULL,
)
Request URL: /optipdf/home
Stack Trace:
#0 /home/lukas/www/optipdf/webroot/index.php(101): Dispatcher->dispatch(Object(CakeRequest), Object(CakeResponse))
#1 {main}
2013-12-02 22:53:40 Error: [MissingControllerException] Controller class HomeController could not be found.
Exception Attributes: array (
  'class' => 'HomeController',
  'plugin' => NULL,
)
Request URL: /optipdf/home
Stack Trace:
#0 /home/lukas/www/optipdf/webroot/index.php(101): Dispatcher->dispatch(Object(CakeRequest), Object(CakeResponse))
#1 {main}
2013-12-02 22:53:42 Error: [MissingControllerException] Controller class HomeController could not be found.
Exception Attributes: array (
  'class' => 'HomeController',
  'plugin' => NULL,
)
Request URL: /optipdf/home
Stack Trace:
#0 /home/lukas/www/optipdf/webroot/index.php(101): Dispatcher->dispatch(Object(CakeRequest), Object(CakeResponse))
#1 {main}
2013-12-02 22:53:44 Error: [MissingControllerException] Controller class HomeController could not be found.
Exception Attributes: array (
  'class' => 'HomeController',
  'plugin' => NULL,
)
Request URL: /optipdf/home
Stack Trace:
#0 /home/lukas/www/optipdf/webroot/index.php(101): Dispatcher->dispatch(Object(CakeRequest), Object(CakeResponse))
#1 {main}
2013-12-02 22:57:07 Error: [MissingControllerException] Controller class HomeController could not be found.
Exception Attributes: array (
  'class' => 'HomeController',
  'plugin' => NULL,
)
Request URL: /optipdf/home
Stack Trace:
#0 /home/lukas/www/optipdf/webroot/index.php(101): Dispatcher->dispatch(Object(CakeRequest), Object(CakeResponse))
#1 {main}
2013-12-02 22:57:38 Error: [MissingControllerException] Controller class HomeController could not be found.
Exception Attributes: array (
  'class' => 'HomeController',
  'plugin' => NULL,
)
Request URL: /optipdf/home
Stack Trace:
#0 /home/lukas/www/optipdf/webroot/index.php(101): Dispatcher->dispatch(Object(CakeRequest), Object(CakeResponse))
#1 {main}
2013-12-02 22:58:16 Error: [MissingControllerException] Controller class HomeController could not be found.
Exception Attributes: array (
  'class' => 'HomeController',
  'plugin' => NULL,
)
Request URL: /optipdf/home
Stack Trace:
#0 /home/lukas/www/optipdf/webroot/index.php(101): Dispatcher->dispatch(Object(CakeRequest), Object(CakeResponse))
#1 {main}
2013-12-02 22:59:02 Error: [MissingControllerException] Controller class HomeController could not be found.
Exception Attributes: array (
  'class' => 'HomeController',
  'plugin' => NULL,
)
Request URL: /optipdf/home
Stack Trace:
#0 /home/lukas/www/optipdf/webroot/index.php(101): Dispatcher->dispatch(Object(CakeRequest), Object(CakeResponse))
#1 {main}
2013-12-02 22:59:43 Error: [MissingControllerException] Controller class HmmController could not be found.
Exception Attributes: array (
  'class' => 'HmmController',
  'plugin' => NULL,
)
Request URL: /optipdf/hmm
Stack Trace:
#0 /home/lukas/www/optipdf/webroot/index.php(101): Dispatcher->dispatch(Object(CakeRequest), Object(CakeResponse))
#1 {main}
2013-12-02 23:00:26 Error: [MissingControllerException] Controller class HmmController could not be found.
Exception Attributes: array (
  'class' => 'HmmController',
  'plugin' => NULL,
)
Request URL: /optipdf/hmm
Stack Trace:
#0 /home/lukas/www/optipdf/webroot/index.php(101): Dispatcher->dispatch(Object(CakeRequest), Object(CakeResponse))
#1 {main}
2013-12-02 23:00:28 Error: [MissingControllerException] Controller class HmmController could not be found.
Exception Attributes: array (
  'class' => 'HmmController',
  'plugin' => NULL,
)
Request URL: /optipdf/hmm
Stack Trace:
#0 /home/lukas/www/optipdf/webroot/index.php(101): Dispatcher->dispatch(Object(CakeRequest), Object(CakeResponse))
#1 {main}
2013-12-02 23:00:29 Error: [MissingControllerException] Controller class HmmController could not be found.
Exception Attributes: array (
  'class' => 'HmmController',
  'plugin' => NULL,
)
Request URL: /optipdf/hmm
Stack Trace:
#0 /home/lukas/www/optipdf/webroot/index.php(101): Dispatcher->dispatch(Object(CakeRequest), Object(CakeResponse))
#1 {main}
2013-12-02 23:01:02 Error: [MissingControllerException] Controller class HmmController could not be found.
Exception Attributes: array (
  'class' => 'HmmController',
  'plugin' => NULL,
)
Request URL: /optipdf/hmm
Stack Trace:
#0 /home/lukas/www/optipdf/webroot/index.php(101): Dispatcher->dispatch(Object(CakeRequest), Object(CakeResponse))
#1 {main}
2013-12-02 23:01:42 Error: [MissingControllerException] Controller class Controller could not be found.
Exception Attributes: array (
  'class' => 'Controller',
  'plugin' => NULL,
)
Request URL: /optipdf/
Stack Trace:
#0 /home/lukas/www/optipdf/webroot/index.php(101): Dispatcher->dispatch(Object(CakeRequest), Object(CakeResponse))
#1 {main}
2013-12-02 23:02:00 Error: [MissingControllerException] Controller class Controller could not be found.
Exception Attributes: array (
  'class' => 'Controller',
  'plugin' => NULL,
)
Request URL: /optipdf/
Stack Trace:
#0 /home/lukas/www/optipdf/webroot/index.php(101): Dispatcher->dispatch(Object(CakeRequest), Object(CakeResponse))
#1 {main}
2013-12-02 23:02:02 Error: [MissingControllerException] Controller class Controller could not be found.
Exception Attributes: array (
  'class' => 'Controller',
  'plugin' => NULL,
)
Request URL: /optipdf/
Stack Trace:
#0 /home/lukas/www/optipdf/webroot/index.php(101): Dispatcher->dispatch(Object(CakeRequest), Object(CakeResponse))
#1 {main}
2013-12-02 23:02:36 Error: [MissingControllerException] Controller class Controller could not be found.
Exception Attributes: array (
  'class' => 'Controller',
  'plugin' => NULL,
)
Request URL: /optipdf/
Stack Trace:
#0 /home/lukas/www/optipdf/webroot/index.php(101): Dispatcher->dispatch(Object(CakeRequest), Object(CakeResponse))
#1 {main}
2013-12-02 23:02:37 Error: [MissingControllerException] Controller class Controller could not be found.
Exception Attributes: array (
  'class' => 'Controller',
  'plugin' => NULL,
)
Request URL: /optipdf/
Stack Trace:
#0 /home/lukas/www/optipdf/webroot/index.php(101): Dispatcher->dispatch(Object(CakeRequest), Object(CakeResponse))
#1 {main}
2013-12-02 23:03:16 Error: [MissingControllerException] Controller class CakeoptimizepdfController could not be found.
Exception Attributes: array (
  'class' => 'CakeoptimizepdfController',
  'plugin' => NULL,
)
Request URL: /optipdf/cakeoptimizepdf/request_queue/add
Stack Trace:
#0 /home/lukas/www/optipdf/webroot/index.php(101): Dispatcher->dispatch(Object(CakeRequest), Object(CakeResponse))
#1 {main}
2013-12-02 23:03:36 Error: [MissingControllerException] Controller class CakeOptimizePdfController could not be found.
Exception Attributes: array (
  'class' => 'CakeOptimizePdfController',
  'plugin' => NULL,
)
Request URL: /optipdf/cakeOptimizePdf/request_queue/add
Stack Trace:
#0 /home/lukas/www/optipdf/webroot/index.php(101): Dispatcher->dispatch(Object(CakeRequest), Object(CakeResponse))
#1 {main}
2013-12-02 23:03:51 Error: [MissingControllerException] Controller class CakeOptimizePdfController could not be found.
Exception Attributes: array (
  'class' => 'CakeOptimizePdfController',
  'plugin' => NULL,
)
Request URL: /optipdf/CakeOptimizePdf/request_queue/add
Stack Trace:
#0 /home/lukas/www/optipdf/webroot/index.php(101): Dispatcher->dispatch(Object(CakeRequest), Object(CakeResponse))
#1 {main}
2013-12-02 23:04:41 Error: [MissingControllerException] Controller class HomeController could not be found.
Exception Attributes: array (
  'class' => 'HomeController',
  'plugin' => NULL,
)
Request URL: /optipdf/home
Stack Trace:
#0 /home/lukas/www/optipdf/webroot/index.php(101): Dispatcher->dispatch(Object(CakeRequest), Object(CakeResponse))
#1 {main}
2013-12-02 23:05:06 Error: Fatal Error (4): syntax error, unexpected '/' in [/home/lukas/www/optipdf/Config/routes.php, line 21]
2013-12-02 23:05:06 Error: [FatalErrorException] syntax error, unexpected '/'
Request URL: /optipdf/home
Stack Trace:
#0 /home/lukas/www/cakeroot/Vendor/pear-pear.cakephp.org/CakePHP/Cake/Error/ErrorHandler.php(203): ErrorHandler::handleFatalError(4, 'syntax error, u...', '/home/lukas/www...', 21)
#1 [internal function]: ErrorHandler::handleError(4, 'syntax error, u...', '/home/lukas/www...', 21, Array)
#2 /home/lukas/www/cakeroot/Vendor/pear-pear.cakephp.org/CakePHP/Cake/Core/App.php(929): call_user_func('ErrorHandler::h...', 4, 'syntax error, u...', '/home/lukas/www...', 21, Array)
#3 /home/lukas/www/cakeroot/Vendor/pear-pear.cakephp.org/CakePHP/Cake/Core/App.php(902): App::_checkFatalError()
#4 [internal function]: App::shutdown()
#5 {main}
2013-12-02 23:05:17 Error: [MissingControllerException] Controller class HomeController could not be found.
Exception Attributes: array (
  'class' => 'HomeController',
  'plugin' => NULL,
)
Request URL: /optipdf/home
Stack Trace:
#0 /home/lukas/www/optipdf/webroot/index.php(101): Dispatcher->dispatch(Object(CakeRequest), Object(CakeResponse))
#1 {main}
2013-12-02 23:06:00 Error: [MissingControllerException] Controller class HomeController could not be found.
Exception Attributes: array (
  'class' => 'HomeController',
  'plugin' => NULL,
)
Request URL: /optipdf/home
Stack Trace:
#0 /home/lukas/www/optipdf/webroot/index.php(101): Dispatcher->dispatch(Object(CakeRequest), Object(CakeResponse))
#1 {main}
2013-12-02 23:06:01 Error: [MissingControllerException] Controller class HomeController could not be found.
Exception Attributes: array (
  'class' => 'HomeController',
  'plugin' => NULL,
)
Request URL: /optipdf/home
Stack Trace:
#0 /home/lukas/www/optipdf/webroot/index.php(101): Dispatcher->dispatch(Object(CakeRequest), Object(CakeResponse))
#1 {main}
2013-12-02 23:07:14 Error: [MissingControllerException] Controller class HomeController could not be found.
Exception Attributes: array (
  'class' => 'HomeController',
  'plugin' => NULL,
)
Request URL: /optipdf/home
Stack Trace:
#0 /home/lukas/www/optipdf/webroot/index.php(101): Dispatcher->dispatch(Object(CakeRequest), Object(CakeResponse))
#1 {main}
2013-12-02 23:07:15 Error: [MissingControllerException] Controller class HomeController could not be found.
Exception Attributes: array (
  'class' => 'HomeController',
  'plugin' => NULL,
)
Request URL: /optipdf/home
Stack Trace:
#0 /home/lukas/www/optipdf/webroot/index.php(101): Dispatcher->dispatch(Object(CakeRequest), Object(CakeResponse))
#1 {main}
2013-12-02 23:07:29 Error: [MissingControllerException] Controller class HomeController could not be found.
Exception Attributes: array (
  'class' => 'HomeController',
  'plugin' => NULL,
)
Request URL: /optipdf/home
Stack Trace:
#0 /home/lukas/www/optipdf/webroot/index.php(101): Dispatcher->dispatch(Object(CakeRequest), Object(CakeResponse))
#1 {main}
2013-12-02 23:07:35 Error: [MissingControllerException] Controller class HmmmController could not be found.
Exception Attributes: array (
  'class' => 'HmmmController',
  'plugin' => NULL,
)
Request URL: /optipdf/hmmm
Stack Trace:
#0 /home/lukas/www/optipdf/webroot/index.php(101): Dispatcher->dispatch(Object(CakeRequest), Object(CakeResponse))
#1 {main}
2013-12-02 23:08:24 Error: [MissingControllerException] Controller class HmmmController could not be found.
Exception Attributes: array (
  'class' => 'HmmmController',
  'plugin' => NULL,
)
Request URL: /optipdf/hmmm
Stack Trace:
#0 /home/lukas/www/optipdf/webroot/index.php(101): Dispatcher->dispatch(Object(CakeRequest), Object(CakeResponse))
#1 {main}
2013-12-02 23:08:32 Error: [MissingActionException] Action PagesController::home() could not be found.
Exception Attributes: array (
  'controller' => 'PagesController',
  'action' => 'home',
)
Request URL: /optipdf/pages/home
Stack Trace:
#0 /home/lukas/www/cakeroot/Vendor/pear-pear.cakephp.org/CakePHP/Cake/Routing/Dispatcher.php(185): Controller->invokeAction(Object(CakeRequest))
#1 /home/lukas/www/cakeroot/Vendor/pear-pear.cakephp.org/CakePHP/Cake/Routing/Dispatcher.php(160): Dispatcher->_invoke(Object(PagesController), Object(CakeRequest), Object(CakeResponse))
#2 /home/lukas/www/optipdf/webroot/index.php(101): Dispatcher->dispatch(Object(CakeRequest), Object(CakeResponse))
#3 {main}
2013-12-02 23:09:21 Error: [MissingActionException] Action PagesController::home() could not be found.
Exception Attributes: array (
  'controller' => 'PagesController',
  'action' => 'home',
)
Request URL: /optipdf/pages/home
Stack Trace:
#0 /home/lukas/www/cakeroot/Vendor/pear-pear.cakephp.org/CakePHP/Cake/Routing/Dispatcher.php(185): Controller->invokeAction(Object(CakeRequest))
#1 /home/lukas/www/cakeroot/Vendor/pear-pear.cakephp.org/CakePHP/Cake/Routing/Dispatcher.php(160): Dispatcher->_invoke(Object(PagesController), Object(CakeRequest), Object(CakeResponse))
#2 /home/lukas/www/optipdf/webroot/index.php(101): Dispatcher->dispatch(Object(CakeRequest), Object(CakeResponse))
#3 {main}
2013-12-02 23:12:44 Error: [MissingActionException] Action PagesController::home() could not be found.
Exception Attributes: array (
  'controller' => 'PagesController',
  'action' => 'home',
)
Request URL: /optipdf/pages/home
Stack Trace:
#0 /home/lukas/www/cakeroot/Vendor/pear-pear.cakephp.org/CakePHP/Cake/Routing/Dispatcher.php(185): Controller->invokeAction(Object(CakeRequest))
#1 /home/lukas/www/cakeroot/Vendor/pear-pear.cakephp.org/CakePHP/Cake/Routing/Dispatcher.php(160): Dispatcher->_invoke(Object(PagesController), Object(CakeRequest), Object(CakeResponse))
#2 /home/lukas/www/optipdf/webroot/index.php(101): Dispatcher->dispatch(Object(CakeRequest), Object(CakeResponse))
#3 {main}
2013-12-02 23:19:30 Error: Fatal Error (1): Class 'CakeOptimizePdfAppController' not found in [/home/lukas/www/optipdf/Controller/RequestQueueController.php, line 8]
2013-12-02 23:19:30 Error: [FatalErrorException] Class 'CakeOptimizePdfAppController' not found
Request URL: /optipdf/request_queue/add
Stack Trace:
#0 /home/lukas/www/cakeroot/Vendor/pear-pear.cakephp.org/CakePHP/Cake/Error/ErrorHandler.php(203): ErrorHandler::handleFatalError(1, 'Class 'CakeOpti...', '/home/lukas/www...', 8)
#1 [internal function]: ErrorHandler::handleError(1, 'Class 'CakeOpti...', '/home/lukas/www...', 8, Array)
#2 /home/lukas/www/cakeroot/Vendor/pear-pear.cakephp.org/CakePHP/Cake/Core/App.php(929): call_user_func('ErrorHandler::h...', 1, 'Class 'CakeOpti...', '/home/lukas/www...', 8, Array)
#3 /home/lukas/www/cakeroot/Vendor/pear-pear.cakephp.org/CakePHP/Cake/Core/App.php(902): App::_checkFatalError()
#4 [internal function]: App::shutdown()
#5 {main}
2013-12-02 23:19:51 Error: Fatal Error (64): Access level to RequestQueueController::$uses must be public (as in class AppController) in [/home/lukas/www/optipdf/Controller/RequestQueueController.php, line 8]
2013-12-02 23:19:51 Error: [FatalErrorException] Access level to RequestQueueController::$uses must be public (as in class AppController)
Request URL: /optipdf/request_queue/add
Stack Trace:
#0 /home/lukas/www/cakeroot/Vendor/pear-pear.cakephp.org/CakePHP/Cake/Error/ErrorHandler.php(203): ErrorHandler::handleFatalError(64, 'Access level to...', '/home/lukas/www...', 8)
#1 [internal function]: ErrorHandler::handleError(64, 'Access level to...', '/home/lukas/www...', 8, Array)
#2 /home/lukas/www/cakeroot/Vendor/pear-pear.cakephp.org/CakePHP/Cake/Core/App.php(929): call_user_func('ErrorHandler::h...', 64, 'Access level to...', '/home/lukas/www...', 8, Array)
#3 /home/lukas/www/cakeroot/Vendor/pear-pear.cakephp.org/CakePHP/Cake/Core/App.php(902): App::_checkFatalError()
#4 [internal function]: App::shutdown()
#5 {main}
2013-12-02 23:21:27 Error: [MissingTableException] Table requests for model Request was not found in datasource default.
Exception Attributes: array (
  'table' => 'requests',
  'class' => 'Request',
  'ds' => 'default',
)
Request URL: /optipdf/request_queue/add
Stack Trace:
#0 /home/lukas/www/cakeroot/Vendor/pear-pear.cakephp.org/CakePHP/Cake/Model/Model.php(3493): Model->setSource('requests')
#1 /home/lukas/www/cakeroot/Vendor/pear-pear.cakephp.org/CakePHP/Cake/Model/Model.php(1353): Model->getDataSource()
#2 /home/lukas/www/cakeroot/Vendor/pear-pear.cakephp.org/CakePHP/Cake/View/Helper/FormHelper.php(199): Model->schema()
#3 /home/lukas/www/cakeroot/Vendor/pear-pear.cakephp.org/CakePHP/Cake/View/Helper/FormHelper.php(451): FormHelper->_introspectModel('Request', 'fields')
#4 /home/lukas/www/optipdf/View/RequestQueue/add.ctp(2): FormHelper->create('Request')
#5 /home/lukas/www/cakeroot/Vendor/pear-pear.cakephp.org/CakePHP/Cake/View/View.php(929): include('/home/lukas/www...')
#6 /home/lukas/www/cakeroot/Vendor/pear-pear.cakephp.org/CakePHP/Cake/View/View.php(891): View->_evaluate('/home/lukas/www...', Array)
#7 /home/lukas/www/cakeroot/Vendor/pear-pear.cakephp.org/CakePHP/Cake/View/View.php(460): View->_render('/home/lukas/www...')
#8 /home/lukas/www/cakeroot/Vendor/pear-pear.cakephp.org/CakePHP/Cake/Controller/Controller.php(952): View->render(NULL, NULL)
#9 /home/lukas/www/cakeroot/Vendor/pear-pear.cakephp.org/CakePHP/Cake/Routing/Dispatcher.php(192): Controller->render()
#10 /home/lukas/www/cakeroot/Vendor/pear-pear.cakephp.org/CakePHP/Cake/Routing/Dispatcher.php(160): Dispatcher->_invoke(Object(RequestQueueController), Object(CakeRequest), Object(CakeResponse))
#11 /home/lukas/www/optipdf/webroot/index.php(101): Dispatcher->dispatch(Object(CakeRequest), Object(CakeResponse))
#12 {main}
2013-12-03 00:13:50 Error: [CakeException] Method save does not exist
Request URL: /optipdf/request_queue/add
Stack Trace:
#0 /home/lukas/www/optipdf/Controller/RequestQueueController.php(14): CakeRequest->__call('save', Array)
#1 /home/lukas/www/optipdf/Controller/RequestQueueController.php(14): CakeRequest->save(Array)
#2 [internal function]: RequestQueueController->add()
#3 /home/lukas/www/cakeroot/Vendor/pear-pear.cakephp.org/CakePHP/Cake/Controller/Controller.php(490): ReflectionMethod->invokeArgs(Object(RequestQueueController), Array)
#4 /home/lukas/www/cakeroot/Vendor/pear-pear.cakephp.org/CakePHP/Cake/Routing/Dispatcher.php(185): Controller->invokeAction(Object(CakeRequest))
#5 /home/lukas/www/cakeroot/Vendor/pear-pear.cakephp.org/CakePHP/Cake/Routing/Dispatcher.php(160): Dispatcher->_invoke(Object(RequestQueueController), Object(CakeRequest), Object(CakeResponse))
#6 /home/lukas/www/optipdf/webroot/index.php(101): Dispatcher->dispatch(Object(CakeRequest), Object(CakeResponse))
#7 {main}
2013-12-03 00:15:22 Error: Fatal Error (1): Class 'Security' not found in [/home/lukas/www/optipdf/Model/Request.php, line 52]
2013-12-03 00:15:22 Error: [FatalErrorException] Class 'Security' not found
Request URL: /optipdf/request_queue/add
Stack Trace:
#0 /home/lukas/www/cakeroot/Vendor/pear-pear.cakephp.org/CakePHP/Cake/Error/ErrorHandler.php(203): ErrorHandler::handleFatalError(1, 'Class 'Security...', '/home/lukas/www...', 52)
#1 [internal function]: ErrorHandler::handleError(1, 'Class 'Security...', '/home/lukas/www...', 52, Array)
#2 /home/lukas/www/cakeroot/Vendor/pear-pear.cakephp.org/CakePHP/Cake/Core/App.php(929): call_user_func('ErrorHandler::h...', 1, 'Class 'Security...', '/home/lukas/www...', 52, Array)
#3 /home/lukas/www/cakeroot/Vendor/pear-pear.cakephp.org/CakePHP/Cake/Core/App.php(902): App::_checkFatalError()
#4 [internal function]: App::shutdown()
#5 {main}
2013-12-03 00:16:41 Error: [PDOException] SQLSTATE[42S22]: Column not found: 1054 Unknown column 'Array' in 'field list'
Request URL: /optipdf/request_queue/add
Stack Trace:
#0 /home/lukas/www/cakeroot/Vendor/pear-pear.cakephp.org/CakePHP/Cake/Model/Datasource/DboSource.php(458): PDOStatement->execute(Array)
#1 /home/lukas/www/cakeroot/Vendor/pear-pear.cakephp.org/CakePHP/Cake/Model/Datasource/DboSource.php(424): DboSource->_execute('INSERT INTO `op...', Array)
#2 /home/lukas/www/cakeroot/Vendor/pear-pear.cakephp.org/CakePHP/Cake/Model/Datasource/DboSource.php(1003): DboSource->execute('INSERT INTO `op...')
#3 /home/lukas/www/cakeroot/Vendor/pear-pear.cakephp.org/CakePHP/Cake/Model/Model.php(1830): DboSource->create(Object(Request), Array, Array)
#4 /home/lukas/www/optipdf/Controller/RequestQueueController.php(14): Model->save(Array)
#5 [internal function]: RequestQueueController->add()
#6 /home/lukas/www/cakeroot/Vendor/pear-pear.cakephp.org/CakePHP/Cake/Controller/Controller.php(490): ReflectionMethod->invokeArgs(Object(RequestQueueController), Array)
#7 /home/lukas/www/cakeroot/Vendor/pear-pear.cakephp.org/CakePHP/Cake/Routing/Dispatcher.php(185): Controller->invokeAction(Object(CakeRequest))
#8 /home/lukas/www/cakeroot/Vendor/pear-pear.cakephp.org/CakePHP/Cake/Routing/Dispatcher.php(160): Dispatcher->_invoke(Object(RequestQueueController), Object(CakeRequest), Object(CakeResponse))
#9 /home/lukas/www/optipdf/webroot/index.php(101): Dispatcher->dispatch(Object(CakeRequest), Object(CakeResponse))
#10 {main}
2013-12-03 00:17:25 Error: [PDOException] SQLSTATE[42S22]: Column not found: 1054 Unknown column 'Array' in 'field list'
Request URL: /optipdf/request_queue/add
Stack Trace:
#0 /home/lukas/www/cakeroot/Vendor/pear-pear.cakephp.org/CakePHP/Cake/Model/Datasource/DboSource.php(458): PDOStatement->execute(Array)
#1 /home/lukas/www/cakeroot/Vendor/pear-pear.cakephp.org/CakePHP/Cake/Model/Datasource/DboSource.php(424): DboSource->_execute('INSERT INTO `op...', Array)
#2 /home/lukas/www/cakeroot/Vendor/pear-pear.cakephp.org/CakePHP/Cake/Model/Datasource/DboSource.php(1003): DboSource->execute('INSERT INTO `op...')
#3 /home/lukas/www/cakeroot/Vendor/pear-pear.cakephp.org/CakePHP/Cake/Model/Model.php(1830): DboSource->create(Object(Request), Array, Array)
#4 /home/lukas/www/optipdf/Controller/RequestQueueController.php(14): Model->save(Array)
#5 [internal function]: RequestQueueController->add()
#6 /home/lukas/www/cakeroot/Vendor/pear-pear.cakephp.org/CakePHP/Cake/Controller/Controller.php(490): ReflectionMethod->invokeArgs(Object(RequestQueueController), Array)
#7 /home/lukas/www/cakeroot/Vendor/pear-pear.cakephp.org/CakePHP/Cake/Routing/Dispatcher.php(185): Controller->invokeAction(Object(CakeRequest))
#8 /home/lukas/www/cakeroot/Vendor/pear-pear.cakephp.org/CakePHP/Cake/Routing/Dispatcher.php(160): Dispatcher->_invoke(Object(RequestQueueController), Object(CakeRequest), Object(CakeResponse))
#9 /home/lukas/www/optipdf/webroot/index.php(101): Dispatcher->dispatch(Object(CakeRequest), Object(CakeResponse))
#10 {main}
2013-12-03 00:17:51 Error: [PDOException] SQLSTATE[42S22]: Column not found: 1054 Unknown column 'Array' in 'field list'
Request URL: /optipdf/request_queue/add
Stack Trace:
#0 /home/lukas/www/cakeroot/Vendor/pear-pear.cakephp.org/CakePHP/Cake/Model/Datasource/DboSource.php(458): PDOStatement->execute(Array)
#1 /home/lukas/www/cakeroot/Vendor/pear-pear.cakephp.org/CakePHP/Cake/Model/Datasource/DboSource.php(424): DboSource->_execute('INSERT INTO `op...', Array)
#2 /home/lukas/www/cakeroot/Vendor/pear-pear.cakephp.org/CakePHP/Cake/Model/Datasource/DboSource.php(1003): DboSource->execute('INSERT INTO `op...')
#3 /home/lukas/www/cakeroot/Vendor/pear-pear.cakephp.org/CakePHP/Cake/Model/Model.php(1830): DboSource->create(Object(Request), Array, Array)
#4 /home/lukas/www/optipdf/Controller/RequestQueueController.php(14): Model->save(Array)
#5 [internal function]: RequestQueueController->add()
#6 /home/lukas/www/cakeroot/Vendor/pear-pear.cakephp.org/CakePHP/Cake/Controller/Controller.php(490): ReflectionMethod->invokeArgs(Object(RequestQueueController), Array)
#7 /home/lukas/www/cakeroot/Vendor/pear-pear.cakephp.org/CakePHP/Cake/Routing/Dispatcher.php(185): Controller->invokeAction(Object(CakeRequest))
#8 /home/lukas/www/cakeroot/Vendor/pear-pear.cakephp.org/CakePHP/Cake/Routing/Dispatcher.php(160): Dispatcher->_invoke(Object(RequestQueueController), Object(CakeRequest), Object(CakeResponse))
#9 /home/lukas/www/optipdf/webroot/index.php(101): Dispatcher->dispatch(Object(CakeRequest), Object(CakeResponse))
#10 {main}
2013-12-03 00:18:31 Error: [PDOException] SQLSTATE[42S22]: Column not found: 1054 Unknown column 'Array' in 'field list'
Request URL: /optipdf/request_queue/add
Stack Trace:
#0 /home/lukas/www/cakeroot/Vendor/pear-pear.cakephp.org/CakePHP/Cake/Model/Datasource/DboSource.php(458): PDOStatement->execute(Array)
#1 /home/lukas/www/cakeroot/Vendor/pear-pear.cakephp.org/CakePHP/Cake/Model/Datasource/DboSource.php(424): DboSource->_execute('INSERT INTO `op...', Array)
#2 /home/lukas/www/cakeroot/Vendor/pear-pear.cakephp.org/CakePHP/Cake/Model/Datasource/DboSource.php(1003): DboSource->execute('INSERT INTO `op...')
#3 /home/lukas/www/cakeroot/Vendor/pear-pear.cakephp.org/CakePHP/Cake/Model/Model.php(1830): DboSource->create(Object(Request), Array, Array)
#4 /home/lukas/www/optipdf/Controller/RequestQueueController.php(14): Model->save(Array)
#5 [internal function]: RequestQueueController->add()
#6 /home/lukas/www/cakeroot/Vendor/pear-pear.cakephp.org/CakePHP/Cake/Controller/Controller.php(490): ReflectionMethod->invokeArgs(Object(RequestQueueController), Array)
#7 /home/lukas/www/cakeroot/Vendor/pear-pear.cakephp.org/CakePHP/Cake/Routing/Dispatcher.php(185): Controller->invokeAction(Object(CakeRequest))
#8 /home/lukas/www/cakeroot/Vendor/pear-pear.cakephp.org/CakePHP/Cake/Routing/Dispatcher.php(160): Dispatcher->_invoke(Object(RequestQueueController), Object(CakeRequest), Object(CakeResponse))
#9 /home/lukas/www/optipdf/webroot/index.php(101): Dispatcher->dispatch(Object(CakeRequest), Object(CakeResponse))
#10 {main}
2013-12-03 00:20:03 Error: [PDOException] SQLSTATE[42S22]: Column not found: 1054 Unknown column 'Array' in 'field list'
Request URL: /optipdf/request_queue/add
Stack Trace:
#0 /home/lukas/www/cakeroot/Vendor/pear-pear.cakephp.org/CakePHP/Cake/Model/Datasource/DboSource.php(458): PDOStatement->execute(Array)
#1 /home/lukas/www/cakeroot/Vendor/pear-pear.cakephp.org/CakePHP/Cake/Model/Datasource/DboSource.php(424): DboSource->_execute('INSERT INTO `op...', Array)
#2 /home/lukas/www/cakeroot/Vendor/pear-pear.cakephp.org/CakePHP/Cake/Model/Datasource/DboSource.php(1003): DboSource->execute('INSERT INTO `op...')
#3 /home/lukas/www/cakeroot/Vendor/pear-pear.cakephp.org/CakePHP/Cake/Model/Model.php(1830): DboSource->create(Object(Request), Array, Array)
#4 /home/lukas/www/optipdf/Controller/RequestQueueController.php(14): Model->save(Array)
#5 [internal function]: RequestQueueController->add()
#6 /home/lukas/www/cakeroot/Vendor/pear-pear.cakephp.org/CakePHP/Cake/Controller/Controller.php(490): ReflectionMethod->invokeArgs(Object(RequestQueueController), Array)
#7 /home/lukas/www/cakeroot/Vendor/pear-pear.cakephp.org/CakePHP/Cake/Routing/Dispatcher.php(185): Controller->invokeAction(Object(CakeRequest))
#8 /home/lukas/www/cakeroot/Vendor/pear-pear.cakephp.org/CakePHP/Cake/Routing/Dispatcher.php(160): Dispatcher->_invoke(Object(RequestQueueController), Object(CakeRequest), Object(CakeResponse))
#9 /home/lukas/www/optipdf/webroot/index.php(101): Dispatcher->dispatch(Object(CakeRequest), Object(CakeResponse))
#10 {main}
2013-12-03 00:20:30 Error: [PDOException] SQLSTATE[42S22]: Column not found: 1054 Unknown column 'Array' in 'field list'
Request URL: /optipdf/request_queue/add
Stack Trace:
#0 /home/lukas/www/cakeroot/Vendor/pear-pear.cakephp.org/CakePHP/Cake/Model/Datasource/DboSource.php(458): PDOStatement->execute(Array)
#1 /home/lukas/www/cakeroot/Vendor/pear-pear.cakephp.org/CakePHP/Cake/Model/Datasource/DboSource.php(424): DboSource->_execute('INSERT INTO `op...', Array)
#2 /home/lukas/www/cakeroot/Vendor/pear-pear.cakephp.org/CakePHP/Cake/Model/Datasource/DboSource.php(1003): DboSource->execute('INSERT INTO `op...')
#3 /home/lukas/www/cakeroot/Vendor/pear-pear.cakephp.org/CakePHP/Cake/Model/Model.php(1830): DboSource->create(Object(Request), Array, Array)
#4 /home/lukas/www/optipdf/Controller/RequestQueueController.php(14): Model->save(Array)
#5 [internal function]: RequestQueueController->add()
#6 /home/lukas/www/cakeroot/Vendor/pear-pear.cakephp.org/CakePHP/Cake/Controller/Controller.php(490): ReflectionMethod->invokeArgs(Object(RequestQueueController), Array)
#7 /home/lukas/www/cakeroot/Vendor/pear-pear.cakephp.org/CakePHP/Cake/Routing/Dispatcher.php(185): Controller->invokeAction(Object(CakeRequest))
#8 /home/lukas/www/cakeroot/Vendor/pear-pear.cakephp.org/CakePHP/Cake/Routing/Dispatcher.php(160): Dispatcher->_invoke(Object(RequestQueueController), Object(CakeRequest), Object(CakeResponse))
#9 /home/lukas/www/optipdf/webroot/index.php(101): Dispatcher->dispatch(Object(CakeRequest), Object(CakeResponse))
#10 {main}
